са
зун
кцӏар -и -з
са
гьалт на
таниш
хьа -ана
жув
гьада -з
ада -з
хьи
зун
ки
зун
ада
за -з
са
стӏур а -ни
кве -з
чи й -вал
чи
ава -й
@@@ да -л -ай -ни
кьакьан
мукьва -л
са
ада -л -яй
кьулухъ
артух
яшайиш
ама -ч
ана
гьакӏ
хьа йи -ла
и
ава й -ди
чпин
ава -й -ди
я
а бур -у в -яй
пара
ибре
ибретани
джафер
хьи
ада
вич -и -н
исабала -ди
вичи -з
са
багъиш на
вич -ни
хьи -з
пара
ма
чӏехи
и
гала -з
вич
лап
мягькем
хьа на
акӏ
хьи
вичал
за -л -ай
жув а -з
жув а -з -ни
чи -ун
зун
хьа на
ида -л
гьар
зун
ида
зи
патав
за -л -яй
ида
ахпа
гьетта
ани -з
хьи
зун
яргъара
акваг
им
за -л
зерир -ла
зун
агъуз
хьайи -ла
ида
зи
вине -л ай
гьакьван
чи
ара да
хъсан
алат -ана
ида к -яй
са
пара
иер
еке
верци
са
хъсан
хьа на
и
акьуллу -вал
за -з
им
лагь -ай -бур -ни
хьа на
са
гьетта
хьи
за -з
агъзур
вич -и -з
вич -и
га -ана -ч
зид
я
ма
ва
са
къар -л -ай
им
за -з
зи
исабала -ди
зи
патав
хьи
за
ва -з
са
зав
зи
завай -ни
ида -з
отказ
ида
за -з
ам
хьир
гьавайи
хьир
ида -ни
за -з
хьи
чӏалах
за
ва в
вахку да
ма
са
за -з
х
хъуву -рай
и
ида -н
хъсанди
я
гьакӏ
хьа -ана
за
и
са
ида -з
за
вахга на
исабала -ди в
алат -ана
са
кьадар
за в -яй
гила
регъуьла
исабала -ди -н
гъенел
же зва -ч
за -з
кичӏе зва
хьи
лугьу -ун
хьи
вун а
зун
ци
икӏ
ини -з
за
ва -з
вуч
пис -вал на -й
за
ва -з
хъсан
къуллугъ зава -ч -ир -ни
за
ва -з
зу
за
ви
хуь зва -ч -ир -ни
гьада к -ай
регъуьла
за в -яй
же зва -ч
за -з
гила
хъа на
исабала
хьи
за
исабала
хъа на
вахчама
зи
ида
за -з
хьи
вун
чӏалах
хкат -ун
гала -з
за
ва в
вахку да
зун -ни
архаин
хьа на
алат -ана
са
кьадар
за -з
мад -ни
хьи
беес
исабала -ди
вич -и -н
цӏийи
хьа йи
багъиш на
зи
багъиш на
вич -и -н
цӏийи
гьа
са
са
гьина
са
талыш
кьван
чубан -вал зава -й
гьада в
вуга нава
акат да
за хъ
зун
исабала -ди -н
я
вуна
тушир @@@
за -з
за в
вахч
зи
ида -ни
хьи
за -з
вун
сабурлу
архаин
за
кгъ да
ви
мадни
са
килиг ай -тӏа
хкве зва -ч
вич
экъве да
ида -н
гуьгъуь на
жугъ да
за
са
я
гъвечӏи
ава й
я
вуганва
за
хутх -ана
я
ама ай
туш
вуч -из
вутӏ
хьа на
бес
са
гуьгъуьна
кат -ана
зи
ама -ч
килиг зава
вич
акьва зва
гила
ада
тапара зава
тапарар зава -тӏа
вич -и в -ай
вуч
же да
кьван
экъве да
вич
чпин
патав
са
гьан -и -з
ф йи -ла
вич -и
суьгьбет
авур -ла
куьн
гваз
фе н -ун
чна
ахъай зава ай
туш
зи
за -з
гьа
икӏ
са
за -з
чибриз
ухшар
чин ай
са
чан
за
а
кван
ва -з
хьти -н -ди
бес
зи
инлай
фе на @@@
зун
я
я
зун
вич -ни
за -з -ни
пара
кӏандинди
я
за -з
ви
чун
гьар
фе йи -ла
зун
а
гала -з
къугъв -ни
пара
хъсан
акьуллу
тир
чи
ам
фе нава -ч
вач
ам
жуз
хъая
ам
гьада
ва -з
вутӏ
лугьу -рай
зун
я
вун а
за -з
тапарар -мир
алцур -ар -мир
вутӏ
хьа на
зи
ида
ийи да
вич -и -н
хьи
ама -й
туш
фе йи -ди
вич
патав
мад -ни
са
вич -и
галаз
буш
хьайи -ла
хьи
чун
я
вутӏ
хьа на -тӏа
за -з
ман
за -з -ни
и
суьгьбет да
ихтилат да
са
са
вич и -з
хьа -ана
хьи
ви
гьантӏ зва
вич -ни
ала й
вич -и -з -ни
язух
зерна
ктӏун -ана
и
яргъи
са
гатазва
и
и
элкъве -из
санихъ -ни
ава -ч
ийизватӏани
са
же зва -ч ма
ида в -ай
вич -и -ни
гелягъ на
ида к
вун
ци
гата зва
вуна
ида
вич -и -з
хьи
и -м
за
за -л
вердиш зава ай -ди
я
и -м
за
метӏигъ -ар зава ай -ди
я
вич -и -н
ихьтин
дуьз
туш
вун
дуьз
алат -ана
вич
вич -и -н
са
гьафте -ди -л ай
мад -ни
хт -ла
вич -и -з
я зава
мад -ни
вич
килиг ай -тӏа
вич -и -з
акур
ама -ч
ама -ч
ида к ай
ама ай -ди
са
са
яхун
са
са
ава й
ина -л
гьар
вич
хкаж -ди -й
къве -ди -й
вич а -л
кьве
акъваз да й
гила
чуьнуьхар зава
вич -и к -яй
вич -и -з
и -м
вуч
я -тӏа
я
вуч
и -м
вуч
я
и
ци
зун
за -з
чи да
вач
инай
ахьай
за
вун
ада -з
шикаят да
ва к -яй
вич
чкадал
гьада -л ай
кьулухъ
къве да -й
хта -й -ла
вич -и -з
хьи
патав
вич
ама -ч
ви
вутӏ -ана -тӏа -ни
гьада -з
чи да
а
гат -ди -ун
ава -ч -ир
акат да
вич -и хъ
вич
килиг ай -ла
вич -и
пер
я
вич
яргъай
акван
гва -з
и -м
хьи
зун
и -м
гат -из
им
гат на
гат да -уьнмаз
вич -и
мад
зун
дели
хьа -нава -й
артух
кӏан -и к
гьа
сад
гьа
са
кьвед
гьа
хьи
и -м
шехь зава
минет зава
хьи
зун
рекьи -мир
патав
са
гвай
вич -и
адан
хьи
вуч
хьа на -тӏа
и -м
вуч
я
шехь -ана
вич и -з
хьи
вич
хъфе ай -ла
вич -и -з
ида -ни
вич -и -н
вич -и в
агуд -ч
вич -и хъ
гала -з
гьамиша
гьакӏ
хьа на
вич -и
хьи
метӏегъ
жен
пата -л а й
гумир
ада -з
гумир
гумир
вич
акӏ
хьи
и
сад а -н
гьуьузуьр -ди -з
мад -ни
са
вич и -н
маса
са
мад -ни
вич
ибур -у -ни
са
га -ана -ч
кьван
ни
га -ана -ч
кьван
вич
хта -й -ла
кье -нава -й
вич -и -ни
кучук на
вич и
мад
вуч да
кьван
вич -и
ахъа ай
ада -н
ях
хьи
талыш
за
ва -з
са
вун а
гъанва
ихьтин
туш
вун
зи
са
акъат
тавунмаз
вун
инлай
хьа на
хъ -ч
са
за -з
талыш
вич -и -н
маса
вич -и -н
гьакӏ
хьа -ана
за -з
ава й
са
а
ихьтин
им -ни
зи
я
зун @@@
вун
са
шумуд
вун
за к -ай
зун
ва к -ай
инжиклу
хьа на
анжах
за -з
са
ки
вун
седакъетли
хъсан
я
четин да
дар да
чна
я
са
зу
зун
вун а
вуч зава
зун
къирах -ди к
вун а
ви
а
а
сад -ни
кван
икӏ
чун
жи
чӏехи
хьа -нава -ди
чи
чна
чи
хуь да -й
ча -з
ана -л -ай
инихъ
жув а -з
са
хъсан -ди к
яшамиш
хьа на
мад -ни
и
чи
а -бур
маса
абур -и
ча -з
пара
къалур на
чун
дагьа
да
мад -ни
хъсан
яшамиш
хьа на
эвленмиш
хьа -ана
хьа -ана
хьа на
цӏуьлуь
абур -ни
чна
чӏехи
мад -ни
а
эвлендирмиш на
гьабур -ни
чна
гьар
са
ада в
агакь -ар на
кьве
за
хъсан -ди к
мехъер -ар на
гьабур @@@
чна
дуьз -ди к
гьар
вич -и -н
чка да -л
гьабур @@@
ахъат на
эвли
хьа -ана
хьа нава
гьабур -и -з -ни
я
вун а
гаф -ар да -й
ки
вун
фе на й
гьа
ви
а
гьикӏ
хьа на й
ам
цӏийи
кван
са
са
за -л
жи
хсуси
чун
гьутӏа
яргъа -з
ана
вегьши
и
за в -яй
са
яхцӏур
и
за в -яй
мад
а
виликай
гваз
зун
гьагъа да -л
къирех -ди -з
автобус -да -NULL
чи
ава -з
и
за
ки
зав
и
гваз
за
чи
ава й
зун
мад -ни
и
чуьгъвена
къевиз -ни
чун
пака @@@
гала -з
гьана ра
и
чна
гьана ра
еке бур
гьана ра
а
сонра
вун а
за -з
пара
хъсан
гуьрмет -ар на
и бур и
бахшай бур
пара
текче
са
и
са
къач -уна
ама й
аллагь
рази
абур -и -з
хъсан
жи
за -з
еке
къалур на
за -ни
абур -и -н
гьич
исяат -ни
абур -и -з
гьамиша
зун
миннетдар
гьабур -и хъ
гала -з
вун
гила
ви
рази
зун
гила
чи
чӏехи
аллагь
гьелелик
чун
хъсан -ди к
яшамиш
за -з
гила
са
рази
вун
гьабур -и -ла ай
са
пуд
за -з
и
за хъ
гала -з
санал
хъсан -ди к
яшамиш
бебир
кьуьзуь
са
игъи да -й
сад
кьуьзуь
ма
темин зава й -тир
са
жи
гьа да
игьи зва -й
гьамиша
им
са
гваз
маса
бебир
чна
и
са
маса да -н
ма
ада
ида -ни
хъсан -ди к
гьа
бес а
и
эцик зва -й -ди
ида
ва -з
хъсан
чи да
чан
ва -з
хъсан
чи да
ада
мад
пулдал -ди
хир
пара
ман
сонра
ки
уже
им
им
са
беса
ана -ни
эвицӏдама -из
ихъти -н
хьтин
ина
ана й
агъуз
и
игила
игила
за -з
хъсан
чи да
ама
кутва зва -й -ди
гьана -л
вилик
игила
за -з
хъсан
чи да
за
квез
са
хъсан
са
кьван
кьван
са
са
и
джагьан
и
джагьан
ава й
са
сад -ни
пуд
и
джагьан
пара
ава й
ава й
вич и -з
са
им
са
вич -и -н
им
са
и
ида
винел
са
ва
ада
элягъ -на
и
и
яраб
и
иер
гьим
акъатайди
имни
и
пара
сакӏани
и
са
кьве
эхир
и
дердинлай
ида -н
буьркьуь
им
эхир
ида -ни
вич -и -н
я
бес
зи
ихьтин
са
бес
ихьтин
са
за -з
сакӏа -ни
ам
за в -яй
алуд
куьне
зи
са
за -з
са
а
зи
эциг ай -тӏа
белке
зи
хъсан
хьайитӏа
ада
хъсан
тахьа ай -тӏа
зун
чан
чна
исят да
ва -з
гьа
эээ
а
инра
ава й
зи
хьа
чӏехи
за
изат на
и
са
са
ава й
ма
за
ва -з
гьич
са
ваъ
им
а
зун
исят да
за
гьада -ни
гьакӏан
са
са
ида -ни
са
гила
за
за
муьтлег
ви
сагъ -ар на
им -ни
са
кьве
им -ни
и
им -ни
къерехда -л
эхир
ида
и
вун а
икьван
ци
я
кьегьел
ваз
вуч
пара
вун
хьи
бес
за
вуч -и -н
зи
сакӏани
хъсан
ада -н
таву р
за
хьир
бес
за
вуч -и -н
зун
гьин
зун
гьиниз
са
за
ва -з
ша
вун
и
алат на
чун
исят да
вун
за -л
са
зун
чун
за
ва -з
гьина
ава -тӏа
и
и
ида
и
и
и
са
и
и да -н
кьве
и
са
им
къачур -ла
и
вун а
нагьахъ
къач -уна
а
абур -у
ви
вуч -и -з
и кьван
иер
бес
за
ида @@@
ваъ
а -бур
вун а
а -бур
ида -ни
са
же да ай
къач -уна
ибур
тӏва
алата -й -ла
ибурни
маса
са
и
эгекь ай -ла
има @@@
са
вич и -з
и
ида @@@
са
хьа на
са
и
и
хьи
и
дуьз
ишигъли
ма
имни
чинеба
куд на
гьабур -у
кьван
имни
хьи
я
за -з
филан
са
куд -нава -й
лайих
абур -у
а
а -бур
ва -з
къачу
а -бур
ада -з
лайих
и
кван
а
гьим
и
ата -й -ла
я
за -з
ви
абур
ва -з
лайих
а -бур
за -з
лайих -ди
а -бур
тахьай -тӏа
за
ви
атӏу -из
исят да
я
вун
ва -з
тагу да ай
ава ай -ди
исят да
за
ва -з
за хъ
анжах
и
и
пара
иер
и
са
кьве
и
качал -ди в ай
мад
хъийи -з
хьир
я
адаз
икьван
иер
ада -н
низ
чи да
гьикьван
иер -ди
вун а
а
гъ
жува -з
я
и
икьван
иер
и да -н
низ
чи да
гьикьван
иер -ди
гьин ай
кӏандатӏани
за -з
жагъур на
ида -н
я
за
гьин ай
за -з
хьир
за
ва -з
вуч -и -н
гьикӏ
заз
кьве
вун а
тавур -тӏа
ви
атӏурвал
за -з
жагъур на
и
патав
вуч
мад -ни
куд на
хьи
вуч
вуч
за
вуч -и -н
бес
за в -яй
гила
гьааа
за
ва -з
лагьа на -й -ни
бес
а
ви
ци
къач -уна
бес
гила
мад
чара
са
ам
ма
чна
са
ша
кван
гила
за
ва -з
гьикӏ
ша
ам
вич -и -н
а
гила
акъуд -уьн
патак а ай
кӏан -у -з
фин
патака ай -ни
зун
гала -з
ккӏ
за
исят да
гала -з
эгер
са
арадлай
винел
яру
хьайитӏа
ва -з
хьи
за
зун
гъалиб
за
вун
ваъ
винел
тавур -тӏа
зун
ма
и
са
арадлай
ина
хкаж
винел
са
арадлай
яру
хьа на
винел
хьа на
хьи
кье йи
ида -з -ни
хвеши
гьаа
гила
чава ай
гъи -з
и
и бур
ава й
дуьз
са
еке
дуьз
хъсан
са
ина
са
и
воо
дуьз
хьи
хъсан
къай -и
ава й
и
хьи
ва -з
а
акунгаз
на
хьи
я
за -з
са
цва на
хьи
жув а
къачу
вун а -ни
хьи
зи
са
ава -з
кван
вуна
за -з
ва -з
гудайла
са
кӏанай
чун
гьагьам
ви
эвецӏ -да
ибур
хьи
яргъал а ай
са
иер
иер
иер
мад
маса
къиямат
и
эгекь ай -ла
я
за -з
ава й
эвечӏ на
жув а
хъухъ
не
хьи
ваъ
зи
хьа -нава
а
ава -з
са
кван
за -з
чара
цона
и
гу да -й -ла
са
ава й
ибур
экъецӏ
ибур
и
хта -й -ла
и
хкве да й
и
хьи
гьич
и
шад
ида -ни
я
вуч
вун
икьван
ци
бейкеф
икьван
иер
ва -з
зун
хьтин
жагъи зва -й
ээээгь
вун
хьтин
иер
хьу на -л
зун
шад
анжах
за -з
хьир
вун
ина -л
са
кьуьзуь
са
мурдар
гьада -з
вун
за
вун
гьада -з
зи
за
вун
гьикӏ
икьван
иер
вун а
гьада -н
я
ша
чна
исят да
са
а
вун а
хьи
яхцӏур
яхцӏур
хьа йи -ди -ла ай
сура
вун
цӏийи
алукӏ на
аяр
хьа
чна
вун а -ни
гьам
фейи -ла
гьамам -да -NULL
аку
ма
и
са
ида -з
хьтин
им
ичӏер на
гьа
вине -л ай
хьи
ва к -яй
я
я
а
ада к ай
я
я
ам
вун
зун
вун а
къач -уна
хвеши
имни
гьамам -да -NULL
и
яхцӏур
вич -и -н
вири
гала -з
эхъве на
и
чинеба
къулухъ ай
эчӏир на
и
вакай
я
я
лугьу -ун
галаз
ида к ай
са
гьамам -да -NULL
акур -ди
вири да
гьарай
сада
элягъ -на
сада
калтуг на
вирида
хьиз
има
хьир
са
куьтӏ
ма
вич
эхир
акӏ
хьи
им
чукур ай -ла
и
алукӏ на
хвеши
иер
жаван
ибуруни
им
анал
и
вичин
галаз -ни
мехъерарна
ибуру
ина
са
кьве
эхир
и
хьи
ваъ
эээ
икӏ
и
ша
чун
чи
экъецӏ
ибуруни
хьи
бес
куьне
квез
цӏийи
чун
чи
ибурни
амна
и
ибур
чпин
хта -й -ла
и
пара
дуьз
хьи
бес
за -з
гьич
вун
зи
икьван
иер
за -з
хьи
за -з
жув а -з
ша
за
вун
вуна
зи
зи
вун
аку на
вун
ада
вич и -з
къачу да -й -ди
и
ахъа
хъсан
хьа
гила
анжах
ма
гьикӏин
гьина -й
во
са
кьве
алат на
ида -з
садни
хьи
са
иер
тамашатӏа
а
вич и -з
авур
гьааа
им
гьинватӏа @@@
гъа -нава -й -ди
зак ай
къе
за
абур -у -з
вуч
вич -и -н
къе
за
а
ама
ада
гъа -нава -й
зун
абур -у
вич и -з
тунва
зак а -й
за
гила
абур -у -з
ма
вич -и -н
жени
ида @@@
гала -з
инрай
куьн
вуч
чара
и
чпин
тӏимил
ибур
катиз
гьикӏ
гьикӏ
катин
са
гьал зва -й
са
и
хьи
чун
тӏва
вун а
и
имни
и
икьван
иер
гьикӏ
за
и
има
ида @@@
гьаа
и
зи
анжах
са
я
ракъана
я
вун
яраб
зун
фейитӏа
эвел
инал
чуьнуьх
ракъайтӏа
гьикӏ
эхир
пара
фикирайдалай
сонра
ацукьарна
и
луьткведаваз
тӏва
фейила
ахпа
вич
физвайди
ма
гьикӏ
хьи
фи- да й
эхир
идани
хьи
ваъ
и
гьи
хьайитӏани
за
жуваз
идани
вичин
тухурла
и
идан
има
хьа
катдай
и да -л
яхцӏур
и
и
ибуру
и
иер
хуш
и да
за -з
ада
за -з
галаз
и
хьи
я
акӏ
же да -й
куьн
яхцӏур
зун
сад
акӏ
хьи
ша
чна
эвел
са
са
ахпа
сонра
квека й
сад
за
гьим
за -з
хуш
хьайи -тӏа
гьада -з
зун
ибур -ни
идаз -л
ибуру
хъ да -й -ла
и
чинеба
ибур -уьн
бигьуш
же да -й
са
ибур -у @@@
вири
и
ибуру в ай -ни
катна
им
са
и
са
кесиб
са
гат -ана
фад
тамаш -й -тӏа
са
кьуьзуь
къари
чан
къари
ва -з
ва -з
са
ида -ни
ша
зун -ни
тек
ида -ни
зун
ви
за
ва -з
за
ва -з
къари
хвеши
ида -н
са
кьве
эхир
са
и
хьи
къари
и
куь
вуч
вун
са
ава -тӏа
за -з
кван
чан
зун
фин
гьар
анжах
ча -з
шумуд
са
ава -ч -из
ча -з
са
ава -й -ди
хкягъи -н
патак ай
чна
са
ава -й -ди
ча -з
ам
ахъа -й зва -й -ди
чна
гьам
ни
ацукь а -й -тӏа
гьада к ай
же зва -й -ди
шумуд
а
ахъа -й из
чна
садан
ча -з
гила
ида @@@
вуш -ун
вуч
бес
белке
зун
кван
а
белке
зи
а
ма
ма
ида -ни
за
алукь на
фирвал
зун
ини -з
зун
ара да
белке
зи
и
алукӏ на
и
ахъаюнма -з
и
ида -н
ацукь а -й -ла
вири да -з
хвеши
жаван
вири да
хкаж на
има
ма
ам
гила
гуя
ала -й
им
гьа
ча -з
и
хьа на
гила
вич -и -н
са
ида -н
вич
вич и к -яй
кат ай
ибур
муькуь
ааа
ида -з @@@
ибур уз
ида @@@
вич -и -н
хьи
са
зи
ида
хъсан
иер
вич -и -н
дамах -ар на
вич -и -н
чӏугва -из
твах
и
зи
а
анава -й
ала -й
эциг
гьим
и
агь
аладрайтӏа
ам
тӏва
куту р
ибур -у @@@
и
са
кьве
сад @@@
и
гьагьа
кьван
ини -з
и
и
ада -з
и
ида -з
ооо
им
и
за -з
им
ина
гьикӏ
хьа на
ава -й -ди
ида -ни
агь
аладри -з
инал
има @@@
и
и
има
са
са
маса
и
яхцӏур
ибур -у -з -ни
и
ахку на
ибур -у @@@
агь
гьагь
и
чи
икьван
иер
ибур -у
и
яхцӏур
амни
ибур -ни
са
ахпа
гьалзавай
во
ида -з
имни
вич и -з
гваз
ката -й
вич -и
им
гьинвайда
и
гьинвайди
ида -ни
агь
и
ибур -у
са
асул
и
ин -и -з
воо
ида -з
гьа
вич -и -н
ида -ни
ааа
и
инри -з
гьикӏ
агь
аладар на
ида
агь
зи
хьи
и
имни
и
ибур
вири
хьи
бес
чна
а -бур
вири
пака
мейдан -да -л -NULL
за
абур -у -з
вири да -з
са
гурвал
кӏватӏ на
вири
вичин
зун
асул
зи
ихьти -н
гьадисе
ата -й -ди
вичи -н
ата -й
гьадисе ни
ибур -ни
за
жазаландырмиширвал
исят да
им
а
анин
идаз
зун
жаван
вич -и -н
вич и -з
къачу зва -й
чка да -л
чун
рекьи да -й
чка да -л
чун
ката -й -ди
им
ида -з
кафирдилайни
чӏехи
терсина
ина -й
агъуз
и
ибур -у
яда
им
гьи
агъуз
има
гила
а
яхцӏур
гьабурузни
ава -й -ди
ибурни
атӏ
лазим
ибурун
ибур
яхцӏурни
гьалт на
са
зун
ида
за -з
ада
за -з
сакӏани
зун
катна ва -й -ди
ибурун
гужна
ибурузни
ибурун
атӏу -з
ибур -и -н
гьа
и
ида -ни
зун
вич -и -н
туху зва -й
ида -з -ни
гьада -з -ни
ахпа
муькуь
гьа
и
асул
за -з
им
зи
зун
ида -з
ибур -и -н
чун
гьарад
саниз
и
зун -ни
адан
ибур -у
яхцӏур
яхцӏур
ибуру
идан
ибур
са
гьазим
ахпа
и
хьи
бес
гила
вири
муькуьбур -у -ни
къач -уна
бес
муькуь
зи
ама
пуд
ама
кьве
ама
бес
чун
гьабур -у -н
патав
ша
хьа на
чун
хьа на
чпин
чпин
патав
гьагьана
шад
хуьррем
руш а к -ай -ни
и
са
икӏ
куьтягь
и
за -з
мад
вуш
за -з
ки
седакъет
и
къетнен
вич -и
за -з
вуч
ки
седакъет
цвез
гуьре
ча -з
ки
ча -з
ки
кхьи д
гьим
еке
гьада -л ай
4ӏ
амма
седакъет
и
сад а -з -ни
седакъет
вич -и -н
ва
гьа
и
и
дуьз
вири
ча -з
ну
за
кӏел -ди -ин
седакъет
ва
гьана
ки
ида
гьин
вуч -и -з
гьин
вуч -и -з
вуч -и -з
гьада
и
вилик
мицид
кьулухъ
седакъет
гва
ӏ9
гьада
са
гьа
мици
ва
гьада
гьикъван
гьа
пара
хкаж
гьам
вилик
тӏимил
хкаж
ава -з
са
безен
да
мумкин
ки
гьа
са
кьулухъ
са
вилик
кутунва й бур
анжах
ама -й -ди
гьа
гала -з
вири -ни
дуьз
има -ни
чна
ина
и
вири да -ла ай
къве зва ай
за -з
цӏуьд
гьама -ни
седакъет
къетне
цӏуьцӏуьд
са
мад
цӏуьд
ва
и
за -з
вуч -и -з
хуш
и
цӏуьд
седакъет
са
еке -з
ки
и
ӏ6
вич -и -н
мукьва
гьана
ча -з
гьа
гьан
гегьенш тир
чукьуна
гьам
зу
са
мукьва -л
гьана
са
ихьтин
гьа
за
цве -з
къе
седакъет
цве -з
мадани
хъсан
патакай
гьа
квез
вири да -з
хъсан
ки
зейналабдин
шоллар дай
баку -ди -з
чӏуг -нава
гьам
чӏуг да ай
шоллар -ди -з
набран -ди -з
худат -ди -з
ва
гьада -з
гьана
ялама -ди -ни
ва
худат
стан
ялама -ди @@@
ва
худат
ара да
са
лежет
лугьу да ай
лежет
лугьу да -й
велибег
са
вич -и -н
туькӏуьр да ай
ава -з
и
зейналабдин
гьада -ла й
къери
мад
кьвед
пуд
ава -з
гьа на
им
и
вири
им
велибега -н
пата в
ӏ8
ки
ида -н
ида -з
ки
инал
и
ви
за -з
ки
а
за ва
ва -з
маса
вуч -и -з
а
за
ида
за
ваз
кьве
ида
са
мици
вад
за
ва -з
зава
эхир
зейналабдин
ида ва -й
я
вав ай
вуч -и -з
вад
за
ва -з
ахпа
эхцигкъ
чка да -л
за
са
а
пака
ва -з
за ва
чукуна
гьа
ва -з
и
кумаз -ни
зейналабдин
тагиев
са
са
им
велибег а -н
пата в
ма
ва -з
и
им
вуш
им
и
ви
ви
и
гвай -бур -у -н
вири да -н
за
гьабур
маса
вири -ни
за
ва -з
ви
дуьз вил -и -з
ви
зун
он
докъккъуз -ди -з
мин
докъкъузюз
ондокъкъуз -ди -з
ана -й
чун
ахпа
чун
хейлаг
ахпа
чун
ина
къулухъ
чун
летний
са
няни хъ -ди
яхцур
яхцур
ча -з
ахпа
чун
са
няни хъ -ди
и
и
къанни
къвед а -н
кьуд а -з
са
гала -з
ана
гьана -л
чун
вегьи да -й
пуд
зун -ни
чна
пуд а
зун -ни
зун
фидамаз
а бур а -л
и бур
зун -ни
гьи
ана
и
жи
давай
назад
кӏватӏ
ахпа
чун
хьа -й -ла
зу ни
ихьтин
са
экъецӏ -да -маз
ина
чун -ни
чи
инихъ -ди
са
чун
ани -з
чун -ни
инал
чун -ни
ина -л
ина -л
и
чна
чна
ак на -ни
ваъ
ви -ч
а -бур
и
кьван
и
ина -л ай
и бур
вилик
са
ида
зун
ина -ра
зун
ая
зун
хутах
ина -ра
чун
и бур и
ахпа
и
акъат
и бур
зун -ни
терсина
чун
къвед
яргъал
чун
ана -й
ахпа
са
ина -л
чна
ахпахъизда
чун
чна
чира
ман
ина -й
виня -й
ани хъ
куьн
асвальт -да -л -NULL
инал -ни
аладар
и
эхир
ахпа
винел
чи
ам
ида -н
ахпа
чун
са
ина
чи
пака
ахпа
зун
ахпа
маса
ана -р -из
ина
са
шумуд
вахт -ар а
ахпа
за -л
хьа йи -ла
хейли
ахпа
и
операция -ни
зун
ахпа
за -з
яхцур @@@
йисус
ини -з
зун
ина -ни
ахпа
ана -й
гуржистан -ди -з
ана -й
севастополь -ди -з
севастополь да
ана -й @@@
ахпа
чун
вири
чун
гьа на
ана -й
ахпа
чун
ана -й @@@
чун
польша дай
ани -з
франция -ди -з
франция дай
бельгия -ди -з
ахпа
голландия -ди -з
ахпа
американ р и
чун
кӏуьд
чун
гьа
американ -яр и
гьабур -и -н
чаз
гьабур -и
чип -и -н
хьиз
ан -яй
чун
ина -й
чи
ана -й
ахпа
гваз
чун
совет -ди -н
гьана
чун
пуд
къанни
цӏуьд
йис -и -з
зун
чна
и
хкве -р -ла
зун
хкве -р -ла
маса
автобусдаваз
хкве -р -ла
зун @@@
ибуру -н
ала й
хьиз
хьиз
кран
чун
хкве -р -ла
чун
хкве -р -ла
ава й
чун
хкве -р -ла
чун
чӏулав
арадай
са
вад
са
цӏуьлуь
ма
за
и
за хъ
гала -й
къвазара
за
ма
чун
ина -л
ана -й
высоковольтный
фи зва -й
за
за
чун
ина
къвазара
за
и
къвазара
и
бирден -ни
высоковольтный
и
жи
ара да
са
икьван
са
вад
къай -и
эхир
вуш
вуш
чал
ну
чун
чун
чун
дуьз
са
кьван
са
километр
са
километр
гьязим
киши -н -ни
ча -з
чун
и
са
ана
абур -у -н
аскан да
къен е
авайбур
чна
сада
ина -л
за
за
ча -з
киши -н зва
ма
зун -ни
са
урус
за
за
киши -н зва
ма
ча -з
ча -з
киши -н зва
за
ча -з
ча -з
са
ча
сад -ни
ча -з
гьина -л
чна
ма
жи
ихьтин
къвед
пуд
чун
ча -з
ча -з
са
ча -з
гьа
ава -з
ава -з
са
ча -з
чун
абур -у -н
са
ам
ава -з
ава -з
къен е
са
гьан ай
ахпа
жи
цӏугъвена
военный
чун
гьан ай
гваз
им
зу
са
кьве
кьве
са
кӏадар
къулухъ
абур -и -н
вилик
са
еке
чӏахмах -ди -н
ибурикай
сад а
им
вуч
има
гьин ай
зу
вилик
за
гила
къванж а -л ай
а
има
ида
вич -и -н
им
рази
и
им
а
мицид а
ама
ада
са
вине -л
и
къванж -и к ай
хьиз
истифаде
кьве
анихъ -ни
значит
сада
гьакӏа
вич и -н
мици
и
къванж а -л ай
истифаде
вич
къакъан -ди -з
мукьвал
мукьвал
кьве
вилик
им
значит
вилик
гьар
са
хъсан
гьа
къванж -и к ай
вич и -з
хъсан
хьиз
истифаде
вилик
патак ай
са
патакай
са
кьакьан
патакай
им
за
са
кӏел ай -ди
жув а
кӏел ай -ди
ва
ам
за
агакь -ар да
жув а -н
ну
гьи
а -бур
ма
гьым
гьым
за в -ай
же да -ч
къалур
за в -ай
кве -з
ну
и
тахминан
чи
айир
чун
гьада
виликди
гьеле
ча -з
галама й
чун
ну
вири
чпи -з
муьтуьгъар -из
вири
миграгъ а -л
барзу
къач -уна
мад
гьи
гьым
яргун
гьибур
вири
гьым
къачур -ла
кьулухь
миграгъ
миграгъ
ибур -у в -ай
миграгъ
ибур -у
са
тухва -нава
кве
тухва -нава
ибур -у в -ай
эхир -ни
ибур -у
фикир на
хьи
ша
чун
чун
са
чун
и
ибур -у -ни
ыыы
хьуь -из
хьа на
пуд
пуд
са
ибур
гьакӏ
са
и
пуд
хьи
чна
и
ну
мад
ина
ыы
са
пуд
гьелбет да
хьи
же да й -ди
туш
хъфе -нава -ч
чпи в -ай
хъфе -нава -ч
ибур
ибур -ни
я -ана
ибур -у
гзаф
гьикӏ
вуч
эхир
хьи
чна
са
чи
хьи
ибур -у -з
са
гьахь из
экъечӏ зва
и
вич -и -н
гьар
и
галаз
вири
кӏев нава й
гьа
ибур -у -ни
и
мукьвал
вич
чун
ихьтин
са
гьахьт ай
вири
ахпа
сад
къач -уна
миграгъ -р -и -н
ахпа
хьи
къалур ай -ди
вуж
кьулухъди
абур -у
а
ва
къерех да
гьахьта ай
са
гьа
гьар
са
ахпа
вуч -и -з
кьур -ла
чи -ун
тийи зва -й
са
абур -у
вири да
гьа да -н
гьикӏ
гьа -да -н
гьикӏ
хьа -нава й
вот
кьуьруьдаказ
икӏа
зун
зу
йетмиш
доггуз да
зун
галаз
каспи -ди -н
гулят на
ахпадаказ
ахпа
чун
дербент -ди -н
ахпадиказ
дербент -ди -н
мад -ни
истрагьет на
ахпа
ана
ахпа
пака
пака
за
кӏан да
хкер -ла
къач -уна
за
чун
самур -ди -н
анай
ала й
гьан а -л
мицибур
ахпа
и
жи
азербайджан
азербайджан
гьа
саягъ да
йухламиш
чун
мад
ахпа
зун
пака
зун
и
баку да
ава й
зу
патав
хырдалан да
хырдалан да
ана
ада
ада -з
а да -з
са
са
гьа да -н
патав
гьабур -и -н
зун
ахпа
им
зу
къейседдин
гьа да -н
патав
затӏ -на
ахпа
свободный
са
за -з
кве -з
садра
за хъ
галаз
са
ихьтин
са
хьа на
и
пара
чими
за -з -ни
жув а -н
патав
гьа да -н
набран -ди -з
хъифи -из
кӏватӏ -ана
за
жув а -н
за
ки
са
са
кьве
за
гьана
динж -вал да
зун
гьан -и -з
галат нава й тир
зун
зун
жув а -н
чка да -л
зу
са
зун
за -з
къуру
хьа -нава й
за
гила
эвичӏ да
киник
агъуз
ма
гьана -ни
са
зун
зун
жув а -н
зун
за -з
ки
винел
са
чӏулав
са
еке
са
за -з
дуьз
за
я
аллагь
им
вуч
и
чӏулав
са
са
икӏа
цӏыцӏ
цӏыцӏ
цӏыцӏ
цӏыцӏ
ихьтин
са
за -ни
ки
им
им
вуш
зун
са
тӏимил
мукьвал
мукьвал
за
килига й -тӏа
вау
са
еке
са
гъил -и -н
кьван
за -з
садрахъ -ни
гъвечи
зун
икьван
хта на -ни
за -з
садрахъ -ни
ахьтин
за -з -ни
дуьз
вуч
зун
гила
за -з
дуьз
кичӏе зва й -ди
ман
и
а
винел
икӏа
е
рус
ма
гьабур -и к -ай
зу
ман
а -бур
зун
гагьат зава -ди
гъвечид
чӏехид
за -ни
вуч
зун
зун -ни
гила
за
мици
зун -ни
и
патал
ала й
за -ни
икӏ
явашдиказ
за -з
мад -ни
за
са
шумуд -р а хъ
за
ида -з
им
дейесен
кӏевиз
кса -нава й
хьтин
за -з
ки
и
и
жув а -н
агъва зва
зун -ни
и
ида
зу
винел
зу
винел
за -ни
фад
икӏа
агала й -ди
им
и
вуч
винел
икӏа
ма
икӏа
ахпа -ни
зун -ни
гила
къене
за
гьарайзу
гьарай -зу
за -ни
и
вуш
вун
вуш
ци
вун а
гьа
за
ки
ана
чӏулав
ам
за -з
а да к -ай
за -з
кӏан зава -ч
ам
гьанал
рекьи кь
за -з
дуьз
ма
вуч
ам
има -ни
гьиниз
ма
и
а
гьан а л -ай
за -з
дуьз
гьа да л -ай
сонра
ам
зун
киник
садра -ни
за
гьамиша
гила
жув а хъ
галаз
са
ки
ахътин
за -з
гьа
сарах
сарах
зун @@@
имран
чун
са
ава й
ана
а
ягъ -уьн
патал
чун
дерин
ана -й
чун
и
чагъу -ун
таву р
ча -з
юруьмуш
хьа -ана
яман
экечӏ зава й
чун
и
чи
вине
къерех -да -л -NULL
чун
сонра
ча -з
ки
акӏ
чна
чи
чна
ча -з
ки
чна
гила
чна
ягъай зва й -ди
а
ягъа зва й -ди
я
чна
чна
мад
сад
къвед
пуд
кьуд
са
цӏукьуд
имран а
цӏувад
сонра
ибур
мад
алад
явашдак
чи
сонра
хьа на
амукъ зава
чун
ки
чна
ягъайтавур
ибур
цӏуьгъвенай
зун
гила
имран
мад
вине
къабагъы
и
къабагъы
ат
пат а -л
а
са
ават
хъувур
чун
ча -з
къве
ча -з
ан а -л
мад
мад
совсем
алад
хъувур
чи
и
а
тегьер
а
йикъан
а
и
тегьер
угъурсуз
баша
чи
зун
уже
сонра -ни
зун
уже
са
хьтин
зун
зун
сонракиз
да
са
ава й
зун
вири
за -л
пуд
са
зун
а
жув а
пек
жув а
чуьх тир
вири
жув а
ийизвай тир
гьа
сонра
ахьтин
ки
за
жув а
чирч да й
ун
ма
ма
ка й -ла
зу
бешир
зун -ни
ам
кьей
ма
а да -з
ун
зун
къужахда
вуш
за -з
са
ма
сонра
ала й
гьат нава й -ди
ун
сонра
хвеши
регьет
ма
ваз
са
мад
са
за
ун
ну
за
гьакӏ
ма
за
жув а
ма
галаз
мегьрибан
хъсан
седакъет
гьа
еке
шагьдагъ
ча -з
за -з
мад
вуш
кӏан зва
седакъет
лезги
ата й -ла
жи
самур
уьлуьх нава й
патаг
самур
ата й
самур
ата й
самур
же да й
ки
ама -ч -ир
седакъет
самур
вич -и -н
ва
самур
самур
къе -ни
гьа
иникъ
самур
гьам
сад -ни
седакъет
вегьи -ун
и
зу
са
хъсан
са
ата й -ла
лугьу -ун
ки
гьа
кӏцар
кьве
са
кьвед а -з
сад
са
са
дуст -и -ни
вич -и -н
вич -и -н
ки
эгер
вун а
ки
къе
гьа
на
зун
ва -з
кӏан -у -з
винел
ва
гьан а -л
гьа
гьар
кӏан -и к
ивиц из
тухв -з
и
ида к -яй
мици
вич -и -н
ки
эгер
вун а
ки
къевиз
вун а
ала й
зун
ва -з
0ӏ
и да -з -ни
хвеши
за
има
ки
шагьдагъ -ди -н
акьах ай -ла
са
тӏимил
и да -н
эхиримжи
патав
гьан а -л
и да -з
фадамаз
винел
гьакӏ
и да
вич -и -н
за
гила
вуч
за
ки
самур -ди -н
чна -ни
вегье да й
куьне
самур
ала й
а -бур -у к -ай
сад
за
цве -з
за -з
и
ава й -бур
вири
самур
анжах
за
квез
куьн
куьне
куь
вири да в -ай
ки
самур
самур
садра -ни
эгер
квез
самур
куьне
жува
са
кве в -яй
къе
хьиз
хьу й
къе
зун
он
докъккъуз -ди -з
мин
докъкъузюз
ондокъкъуз -ди -з
ана -й
чун
ахпа
чун
хейлаг
ахпа
чун
ина
къулухъ
чун
летний
са
няни хъ -ди
яхцур
яхцур
ча -з
ахпа
чун
са
няни хъ -ди
и
и
къанни
къвед а -н
кьуд а -з
са
гала -з
ана
гьана -л
чун
вегьи да -й
пуд
зун -ни
чна
пуд а
зун -ни
зун
фидамаз
а бур а -л
и бур
зун -ни
гьи
ана
и
жи
давай
назад
кӏватӏ
ахпа
чун
хьа -й -ла
зу ни
ихьтин
са
экъецӏ -да -маз
ина
чун -ни
чи
инихъ -ди
са
чун
ани -з
чун -ни
инал
чун -ни
ина -л
ина -л
и
чна
чна
ак на -ни
ваъ
ви -ч
а -бур
и
кьван
и
ина -л ай
и бур
вилик
са
ида
зун
ина -ра
зун
ая
зун
хутах
ина -ра
чун
и бур и
ахпа
и
акъат
и бур
зун -ни
терсина
чун
къвед
яргъал
чун
ана -й
ахпа
са
ина -л
чна
ахпахъизда
чун
чна
чира
ман
ина -й
виня -й
ани хъ
куьн
асвальт -да -л -NULL
инал -ни
аладар
и
эхир
ахпа
винел
чи
ам
ида -н
ахпа
чун
са
ина
чи
пака
ахпа
зун
ахпа
маса
ана -р -из
ина
са
шумуд
вахт -ар а
ахпа
за -л
хьа йи -ла
хейли
ахпа
и
операция -ни
зун
ахпа
за -з
яхцур @@@
йисус
ини -з
зун
ина -ни
ахпа
ана -й
гуржистан -ди -з
ана -й
севастополь -ди -з
севастополь да
ана -й @@@
ахпа
чун
вири
чун
гьа на
ана -й
ахпа
чун
ана -й @@@
чун
польша дай
ани -з
франция -ди -з
франция дай
бельгия -ди -з
ахпа
голландия -ди -з
ахпа
американ р и
чун
кӏуьд
чун
гьа
американ -яр и
гьабур -и -н
чаз
гьабур -и
чип -и -н
хьиз
ан -яй
чун
ина -й
чи
ана -й
ахпа
гваз
чун
совет -ди -н
гьана
чун
за
квез
са
хъсан
са
кьван
кьван
са
са
и
джагьан
и
джагьан
ава й
са
сад -ни
пуд
и
джагьан
пара
ава й
ава й
вич и -з
са
им
са
вич -и -н
им
са
и
ида
винел
са
ва
ада
элягъ -на
и
и
яраб
и
иер
гьим
акъатайди
имни
и
пара
сакӏани
и
са
кьве
эхир
и
дердинлай
ида -н
буьркьуь
им
эхир
ида -ни
вич -и -н
я
бес
зи
ихьтин
са
бес
ихьтин
са
за -з
сакӏа -ни
ам
за в -яй
алуд
куьне
зи
са
за -з
са
а
зи
эциг ай -тӏа
белке
зи
хъсан
хьайитӏа
ада
хъсан
тахьа ай -тӏа
зун
чан
чна
исят да
ва -з
гьа
эээ
а
инра
ава й
зи
хьа
чӏехи
за
изат на
и
са
са
ава й
ма
за
ва -з
гьич
са
ваъ
им
а
зун
исят да
за
гьада -ни
гьакӏан
са
са
ида -ни
са
гила
за
за
муьтлег
ви
сагъ -ар на
им -ни
са
кьве
им -ни
и
им -ни
къерехда -л
эхир
ида
и
вун а
икьван
ци
я
кьегьел
ваз
вуч
пара
вун
хьи
бес
за
вуч -и -н
зи
сакӏани
хъсан
ада -н
таву р
за
хьир
бес
за
вуч -и -н
зун
гьин
зун
гьиниз
са
за
ва -з
ша
вун
и
алат на
чун
исят да
вун
за -л
са
зун
чун
за
ва -з
гьина
ава -тӏа
и
и
ида
и
и
и
са
и
и да -н
кьве
и
са
им
къачур -ла
и
вун а
нагьахъ
къач -уна
а
абур -у
ви
вуч -и -з
и кьван
иер
бес
за
ида @@@
ваъ
а -бур
вун а
а -бур
ида -ни
са
же да ай
къач -уна
ибур
тӏва
алата -й -ла
ибурни
маса
са
и
эгекь ай -ла
има @@@
са
вич и -з
и
ида @@@
са
хьа на
са
и
и
хьи
и
дуьз
ишигъли
ма
имни
чинеба
куд на
гьабур -у
кьван
имни
хьи
я
за -з
филан
са
куд -нава -й
лайих
абур -у
а
а -бур
ва -з
къачу
а -бур
ада -з
лайих
и
кван
а
гьим
и
ата -й -ла
я
за -з
ви
абур
ва -з
лайих
а -бур
за -з
лайих -ди
а -бур
тахьай -тӏа
за
ви
атӏу -из
исят да
я
вун
ва -з
тагу да ай
ава ай -ди
исят да
за
ва -з
за хъ
анжах
и
и
пара
иер
и
са
кьве
и
качал -ди в ай
мад
хъийи -з
хьир
я
адаз
икьван
иер
ада -н
низ
чи да
гьикьван
иер -ди
вун а
а
гъ
жува -з
я
и
икьван
иер
и да -н
низ
чи да
гьикьван
иер -ди
гьин ай
кӏандатӏани
за -з
жагъур на
ида -н
я
за
гьин ай
за -з
хьир
за
ва -з
вуч -и -н
гьикӏ
заз
кьве
вун а
тавур -тӏа
ви
атӏурвал
за -з
жагъур на
и
патав
вуч
мад -ни
куд на
хьи
вуч
вуч
за
вуч -и -н
бес
за в -яй
гила
гьааа
за
ва -з
лагьа на -й -ни
бес
а
ви
ци
къач -уна
бес
гила
мад
чара
са
ам
ма
чна
са
ша
кван
гила
за
ва -з
гьикӏ
ша
ам
вич -и -н
а
гила
акъуд -уьн
патак а ай
кӏан -у -з
фин
патака ай -ни
зун
гала -з
ккӏ
за
исят да
гала -з
эгер
са
арадлай
винел
яру
хьайитӏа
ва -з
хьи
за
зун
гъалиб
за
вун
ваъ
винел
тавур -тӏа
зун
ма
и
са
арадлай
ина
хкаж
винел
са
арадлай
яру
хьа на
винел
хьа на
хьи
кье йи
ида -з -ни
хвеши
гьаа
гила
чава ай
гъи -з
и
и бур
ава й
дуьз
са
еке
дуьз
хъсан
са
ина
са
и
воо
дуьз
хьи
хъсан
къай -и
ава й
и
хьи
ва -з
а
акунгаз
на
хьи
я
за -з
са
цва на
хьи
жув а
къачу
вун а -ни
хьи
зи
са
ава -з
кван
вуна
за -з
ва -з
гудайла
са
кӏанай
чун
гьагьам
ви
эвецӏ -да
ибур
хьи
яргъал а ай
са
иер
иер
иер
мад
маса
къиямат
и
эгекь ай -ла
я
за -з
ава й
эвечӏ на
жув а
хъухъ
не
хьи
ваъ
зи
хьа -нава
а
ава -з
са
кван
за -з
чара
цона
и
гу да -й -ла
са
ава й
ибур
экъецӏ
ибур
и
хта -й -ла
и
хкве да й
и
хьи
гьич
и
шад
ида -ни
я
вуч
вун
икьван
ци
бейкеф
икьван
иер
ва -з
зун
хьтин
жагъи зва -й
ээээгь
вун
хьтин
иер
хьу на -л
зун
шад
анжах
за -з
хьир
вун
ина -л
са
кьуьзуь
са
мурдар
гьада -з
вун
за
вун
гьада -з
зи
за
вун
гьикӏ
икьван
иер
вун а
гьада -н
я
ша
чна
исят да
са
а
вун а
хьи
яхцӏур
яхцӏур
хьа йи -ди -ла ай
сура
вун
цӏийи
алукӏ на
аяр
хьа
чна
вун а -ни
гьам
фейи -ла
гьамам -да -NULL
аку
ма
и
са
ида -з
хьтин
им
ичӏер на
гьа
вине -л ай
хьи
ва к -яй
я
я
а
ада к ай
я
я
ам
вун
зун
вун а
къач -уна
хвеши
имни
гьамам -да -NULL
и
яхцӏур
вич -и -н
вири
гала -з
эхъве на
и
чинеба
къулухъ ай
эчӏир на
и
вакай
я
я
лугьу -ун
галаз
ида к ай
са
гьамам -да -NULL
акур -ди
вири да
гьарай
сада
элягъ -на
сада
калтуг на
вирида
хьиз
има
хьир
са
куьтӏ
ма
вич
эхир
акӏ
хьи
им
чукур ай -ла
и
алукӏ на
хвеши
иер
жаван
ибуруни
им
анал
и
вичин
галаз -ни
мехъерарна
ибуру
ина
са
кьве
эхир
и
хьи
ваъ
эээ
икӏ
и
ша
чун
чи
экъецӏ
ибуруни
хьи
бес
куьне
квез
цӏийи
чун
чи
ибурни
амна
и
ибур
чпин
хта -й -ла
и
пара
дуьз
хьи
бес
за -з
гьич
вун
зи
икьван
иер
за -з
хьи
за -з
жув а -з
ша
за
вун
вуна
зи
зи
вун
аку на
вун
ада
вич и -з
къачу да -й -ди
и
ахъа
хъсан
хьа
гила
анжах
ма
гьикӏин
гьина -й
во
са
кьве
алат на
ида -з
садни
хьи
са
иер
тамашатӏа
а
вич и -з
авур
гьааа
им
гьинватӏа @@@
гъа -нава -й -ди
зак ай
къе
за
абур -у -з
вуч
вич -и -н
къе
за
а
ама
ада
гъа -нава -й
зун
абур -у
вич и -з
тунва
зак а -й
за
гила
абур -у -з
ма
вич -и -н
жени
ида @@@
гала -з
инрай
куьн
вуч
чара
и
чпин
тӏимил
ибур
катиз
гьикӏ
гьикӏ
катин
са
гьал зва -й
са
и
хьи
чун
тӏва
вун а
и
имни
и
икьван
иер
гьикӏ
за
и
има
ида @@@
гьаа
и
зи
анжах
са
я
ракъана
я
вун
яраб
зун
фейитӏа
эвел
инал
чуьнуьх
ракъайтӏа
гьикӏ
эхир
пара
фикирайдалай
сонра
ацукьарна
и
луьткведаваз
тӏва
фейила
ахпа
вич
физвайди
ма
гьикӏ
хьи
фи- да й
эхир
идани
хьи
ваъ
и
гьи
хьайитӏани
за
жуваз
идани
вичин
тухурла
и
идан
има
хьа
катдай
и да -л
яхцӏур
и
и
ибуру
и
иер
хуш
и да
за -з
ада
за -з
галаз
и
хьи
я
акӏ
же да -й
куьн
яхцӏур
зун
сад
акӏ
хьи
ша
чна
эвел
са
са
ахпа
сонра
квека й
сад
за
гьим
за -з
хуш
хьайи -тӏа
гьада -з
зун
ибур -ни
идаз -л
ибуру
хъ да -й -ла
и
чинеба
ибур -уьн
бигьуш
же да -й
са
ибур -у @@@
вири
и
ибуру в ай -ни
катна
им
са
и
са
кесиб
са
гат -ана
фад
тамаш -й -тӏа
са
кьуьзуь
къари
чан
къари
ва -з
ва -з
са
ида -ни
ша
зун -ни
тек
ида -ни
зун
ви
за
ва -з
за
ва -з
къари
хвеши
ида -н
са
кьве
эхир
са
и
хьи
къари
и
куь
вуч
вун
са
ава -тӏа
за -з
кван
чан
зун
фин
гьар
анжах
ча -з
шумуд
са
ава -ч -из
ча -з
са
ава -й -ди
хкягъи -н
патак ай
чна
са
ава -й -ди
ча -з
ам
ахъа -й зва -й -ди
чна
гьам
ни
ацукь а -й -тӏа
гьада к ай
же зва -й -ди
шумуд
а
ахъа -й из
чна
садан
ча -з
гила
ида @@@
вуш -ун
вуч
бес
белке
зун
кван
а
белке
зи
а
ма
ма
ида -ни
за
алукь на
фирвал
зун
ини -з
зун
ара да
белке
зи
и
алукӏ на
и
ахъаюнма -з
и
ида -н
ацукь а -й -ла
вири да -з
хвеши
жаван
вири да
хкаж на
има
ма
ам
гила
гуя
ала -й
им
гьа
ча -з
и
хьа на
гила
вич -и -н
са
ида -н
вич
вич и к -яй
кат ай
ибур
муькуь
ааа
ида -з @@@
ибур уз
ида @@@
вич -и -н
хьи
са
зи
ида
хъсан
иер
вич -и -н
дамах -ар на
вич -и -н
чӏугва -из
твах
и
зи
а
анава -й
ала -й
эциг
гьим
и
агь
аладрайтӏа
ам
тӏва
куту р
ибур -у @@@
и
са
кьве
сад @@@
и
гьагьа
кьван
ини -з
и
и
ада -з
и
ида -з
ооо
им
и
за -з
им
ина
гьикӏ
хьа на
ава -й -ди
ида -ни
агь
аладри -з
инал
има @@@
и
и
има
са
са
маса
и
яхцӏур
ибур -у -з -ни
и
ахку на
ибур -у @@@
агь
гьагь
и
чи
икьван
иер
ибур -у
и
яхцӏур
амни
ибур -ни
са
ахпа
гьалзавай
во
ида -з
имни
вич и -з
гваз
ката -й
вич -и
им
гьинвайда
и
гьинвайди
ида -ни
агь
и
ибур -у
са
асул
и
ин -и -з
воо
ида -з
гьа
вич -и -н
ида -ни
ааа
и
инри -з
гьикӏ
агь
аладар на
ида
агь
зи
хьи
и
имни
и
ибур
вири
хьи
бес
чна
а -бур
вири
пака
мейдан -да -л -NULL
за
абур -у -з
вири да -з
са
гурвал
кӏватӏ на
вири
вичин
зун
асул
зи
ихьти -н
гьадисе
ата -й -ди
вичи -н
ата -й
гьадисе ни
ибур -ни
за
жазаландырмиширвал
исят да
им
а
анин
идаз
зун
жаван
вич -и -н
вич и -з
къачу зва -й
чка да -л
чун
рекьи да -й
чка да -л
чун
ката -й -ди
им
ида -з
кафирдилайни
чӏехи
терсина
ина -й
агъуз
и
ибур -у
яда
им
гьи
агъуз
има
гила
а
яхцӏур
гьабурузни
ава -й -ди
ибурни
атӏ
лазим
ибурун
ибур
яхцӏурни
гьалт на
са
зун
ида
за -з
ада
за -з
сакӏани
зун
катна ва -й -ди
ибурун
гужна
ибурузни
ибурун
атӏу -з
ибур -и -н
гьа
и
ида -ни
зун
вич -и -н
туху зва -й
ида -з -ни
гьада -з -ни
ахпа
муькуь
гьа
и
асул
за -з
им
зи
зун
ида -з
ибур -и -н
чун
гьарад
саниз
и
зун -ни
адан
ибур -у
яхцӏур
яхцӏур
ибуру
идан
ибур
са
гьазим
ахпа
и
хьи
бес
гила
вири
муькуьбур -у -ни
къач -уна
бес
муькуь
зи
ама
пуд
ама
кьве
ама
бес
чун
гьабур -у -н
патав
ша
хьа на
чун
хьа на
чпин
чпин
патав
гьагьана
шад
хуьррем
руш а к -ай -ни
и
са
икӏ
куьтягь
и
чи
галаз
хьа йи
гьадисе
чи
тагьминан
са
вад
вилик
чун
чи
регьметлу
зейнеддин а -н
туху зва -й
галай
тир
и
чна
иштирак на
хъсан
ки
къени -н
хьиз
чими
бес
са
агъуз
фи -ун
чун
серин -вал
техминан
са
цӏуд
чун
чун
гьана -л
о
жумледен
чак
и
чи
галай
ну
чун
гьануз ^0 -ди
гьарад а
вич -и в -ай
гьах на
эхъ -из
лакин
якъин
себрилла
дейесен
сен
гьикӏятӏана
чашмиш хьа на
има
ф -ена
ма
чи
чӏал -алди
ама й -ди
ава -й
рагьуллагь
ида -з
и
момент
бес
ун
себри
гьутӏана -л
ала -й
вутӏ
хьа на
ама -ш
себриллагьахъ
акъве узва
чун
тӏванлай
ун
ну
техминен
ма
и
акъудир
кьван
чна
акъудир
кьван
чӏав а -л
зун
насруллагь
эхир
чна
има
себриллагь
ма
ида -з
пара
зайиф
хьа -нава й
гьан а -л
чна
зун
зун
башда
олмагла
назир
юсуф
идрис
руслан
за
уьчуьн
ада -н
сад а
назир
уьчуьн
ада -н
ам
ама й -ла
бели
чна
себриллагь
гьакӏ
вахгун
чна
ада -з -ди
ва
къал -ди
а
чаз -ди
миннетдар
а
гуьре
гьа
ун
ун
гьада -л ай
сонра
ида
ам
ки
кьве
вич -и -н
демели
хьа йи
ида
ки
дугъридан -ни
а
кьве
има
пара
же зва й -ди
я
маракьлы
зу
пара
ата -й -ди
я
зун
йетмиш
беш
йетмиш
йедди -ди -з
я
а
чӏавуз
ссср
тир
россия
тир
ссср
гьисят да
гьарад
муьстекъил
хьа -нава
муьстекъил
я
ну
а
чӏавуз @@@
жи
пара
ата -й -ди
я
чун
та зва й -ди
тучир
та зва й -ди
ну
маса
маса
ани -з
акъуд зава -й -ди
тир
зун -ни
служит ай -ди
я
за
америка -ди -н
аляска -ди -н
чукотка да
служит ай -ди
я
эвел
ругуд
служит на
за
новгород да
под
ленинградом
ленинград -ди -н
ленинград -ди -н
новгород да
гьана
хьа на
зун
ругуд
анай
сонра
фе -ин
чун
ну
чукотка
къийи
тир
мекьи
я
пятьдесят
семь
за
дуьзмуьш ай -ди
я
хьа йи -ди
я
са
зун
молодой
гьанай -ни
но
ругуд
сонра
къвед ай
аниз
же зва
ма
са
къачал
къваз -нава -й
зун
дежурный да
къваз -нава -й
эээ
вич @@@
ада -н -ди
я
алукь нава -й -ди
ну
дуьмуьш зава -ди
я
гьар
тридцать
дигишар зава -й -ди
я
за -з
сад
сад
и
чун
са
мертебели
я
жи
и
зун -ни
къачал
дежурный
сад
за -ни
ты
куда
ты
куда
он
не
отвечает
ну
да
военные
в
советской
говорили
гьиниз
вун
гьиниз
за -ни
илис -ана
ада -л
ки
за
сад
сонра
ибур -и -н
чуьгъенал
им
яргъал
уже
за
им
им
има
всегда
там
был
да
гьемиша
ава -й
ма
са
кьве
са
ну
ам
и
цӏурцӏа зва
хъсан
ам
же зва
по
анадыр -ди -з
чун
чукотка да
ава
анадыр -ди -з
анадыр да -ни
ида -н
чуьгъвена
ну
пешком
къаз
же зва -ч
има
эхир
им
им
оказывается
за хъ
галаз
чун
ава -тир
ава ай
ча хъ
галаз
ава -й
чахъ
галаз
ну
ава ай
маса
сонра
ава -й
зеллер
игирми
уьч
муьжуьд
ава ай
чун
пара
муьжуьд
ава -й
са
са
зун
ваъ
зун
чуьгъвен а ай
са
им
магадан да
прямой
магадан -ди -з
анадыр да ай
магадан да
магаданский
я
хир
анаг
чукотский
гьаниз
за -з -ни
за -ни
за -з
гьиниз
фе -ана -тӏа
гьиниз
фе на -ш та
ана -л -ай
сонра
за -з
досрочный
зун
а
советрин
за -з
десять
ихьтин -бур
хьа на
са
зун
и
галаз
и
нуьсрет а хъ
галаз
жи
дагьи
гьам
я
хьа -нава -й
дагьи
ма
ча -з
не
а
ава -й
ида
ава
ма
за -з -ни
вообще
ма
жи
за
га -й -ди
я
и
за -з
и бур
йаймиш на
ана -л -ай
сонра
за
цӏуд
къвалах на
и
за
за -з @@@
а
за
а
ава -й
-вал
вич -ни
хьа -нава -й
я
сад
ава
хьиз
ам
гьизяхъине
вири -ни
ада
кхьа -ана
ида
яргъа -з тир
ида
кхьи
акур
не
къе в -из
за
гьикӏ
аву -ана -тӏа
и
са
ида
яратмиш -ана
вич -и
яратмиш -ана
кхьи -з ай -ди
я
са
има
ахтынский
дагъыстан -ди -н
ахтынский
фе -й -ла
са
безханум
ала -й
са
гьакъикъет да
ида
хъсан
кьуьлер на
вич -и -н
нуьсрет
бес
жеда -ш -ни
зу
вун а
са
кхьа -й -тӏа
ида -ни
за
кхьи
патакай
бес
чуьн
аяр бур
я
гуьзел бур
туькуьр -ун
чи зва -й
сонра
бес
безхануман
тарифара -ди
ида
къе
пака @@@
нуьсрет
бес
зу
за
кхьихь
бес
вун а
яратмиша
ма
ида -з @@@
ина -л
гьакӏ
ам
же да
и бур -и -н
ара да
сонра
ки
бес
ви
са
кӏан -да
им
цуьгъвен -ла ай
мад @@@
ини -з
фе -й -ла
ки
бес
гьакъикъет да -ай
ида
вич -и -з
ида
зун
ахтынский
фе -й -ла
акуртӏа
са
и
арада
вич
са
идан
безханум
арадай
им
чара
хьа -ана
зун
къвез
за -з
къалур -ана
за -ни
га -й да -л ай
сонра
ки
бес
вуна
са
къачу
ма
мици
ки
чуь -н е
са
къачу
за -з
бес
за
хьу -й
са
гу д ай -вал
хьу -й
бес
и
гьикӏ
акьа -из
ша
экеча
безханум
вун а
ча
са
ракъу зва
за
ида
и
ма
зу
тӏварча
ваз
зун
кан -и
зу
тӏварча
са
кутӏур
ида -ни
акьа -из
ша
экеч а
безханум
икьван
хьайи -тӏа -ни
на
ча
са
ракъу зва
за
безханум
безханум
айи р
че
за -з
ваз
ава -ш
тӏа
ви
белке
зун
хьу -й
ваз
чун
бахтавар
эй
зи
безханум
безханум
желб
безханум
и
тамам -ар на
сакӏани
къалур зава -ч
бес
гьикӏ
ки
бес
ида
пата -л а ай
сад
жен
пата -л а й
бес
за
ва -з
ихьтин
туькӏуьр ай -ла
мад -ни
га -ана -ч
бес
къве да -й
ша
са
ма
чна
ида -ни
ки
за
ва -з
ки
са
ча
ракъу зва
за
же -мир
жи
сад
я
ман
сад
я
зу
сад
чун
сад
хьа йи -ла
безханум
ки
безханум а
уъ
зун
кан -и -вил -и -н
анжах
сад
хьа -ана
кӏан -да
чун
санал
ида @@@
ки
и
цӏийи
ида
ки
дуьз
лагьа -й -тӏа
чи
вун
кьван
гейчек
хьа на -ч
зун
в
инанмиш
хьа на
ки
ву
на
ки
эгьтибарсуз
вефасуз
эгьтибарсуз
вефасуз
вуна
белке
зун
алдатмиш -ар зава
тӏа
ваъ
зун
чира
туш
жи
сад
я
сад
я
бес
безханум
вири
са
хьайтӏани
вун а
кӏан -да
а
ки
бесханум а -з
ида
цӏийи
вуш
я
гьар
са
туш
лейли
ваз
са
кӏан -и
хьуй
вун
диване
межнун
я -тӏа
фергьад
хьа -ана
атӏ
а
за
ширин
хьтин
хьурай
за -з
зи
ава -й
я -тӏа
ки
безханумаз
дугъридан -ни
ида -н
сад
я
гьакӏ
хьа -й -ла
са
чна
за
ва хъ
галаз
мад
ваъ
ама -ч
сад
хьа -ана
сад
хьа -ана
сад
хьа -ана
чун
санал
я
гьакӏ
хьа йи -ла
вуш
кӏани вил -и -з
ида -н
цӏийи
безханум а -з
суракьиз
шумуд
ви
гелкъв на
зун
гьар
зун
ва -з
ви
ава @@@
кан -и
ви
лугьу да -й
ама @@@
кан -и
ва -з
ви
лугьу да -й
ама -ни
гила
безханум а
ида -з
залан
я
жугва -из
хьа на
зун
ама -ч
ви
къура -з
хьа на
вак
гьич
са
ава -ни
кан -и
ви
лугьу да -й
кан -и
ваз
ви
лугьу да -й
ама -ни
кан -и
ви
лугьу да -й
ама -ни
кан -и
ва -з
ви
лугьу да -й
и
ина -л
хьа -ана
галаз
санал
хьа на
вири
къулухъ
хьайи -тӏа -ни
@@@ да -л -ай
уьстуьн
я
хъсан
хъсан
чна
чун
хуьлуьхъ
ата -й -ди
квез
ата -й -ди
ун
чун
ана
вири
чун
вири
ихьти -н
специально
цва -нава -й
а
пара
ун
эн
пара
а
акьван
эхьир
гу зва тир
а
ахпа
чи
къванши да -л
са
кьуьзуь
тек
ама
а
са
вири да -з
фе -й -ла
а
еке
ихьтин
гьахьтин
ма
а
вири
а
сад а -з -ни
эхьир
ава й
ча -з
ада
ам
ма
чна
а
са
гьа
чун
ада
чна
мицибур -у
но
эсас
белке
са
а
вири
эчӏер
цӏийи
са
ман
хъсан
а -бур
ахпа
зи
а -бур
ихьтин
жаван
и
ихьтин
къав -ар и -ла -й
белке
куь
гъвечи
квез -ни
гьакӏ а
ихьтин
гьабур -у
гьана -л ай
гьада -н
вине -л а ай
ки
гьахьтин
а -бур
вуш
кьван
абур -и
марф
марф
хьа йи -ла
и
ада -з
цӏийи
ам
эхьир
бес
конечно
ун
ахьтин
цӏийи -з
эхьир
она
горе
ахьтин
а -бур
вообще
хъсан
ани -з
а -бур
гваз
гьана
жаван
и
еке
гьана
ахъа -й да -й
вири
фи да ай
гила
гила
гьич
игила
ун
са
а
берейра
вообще
анриз
чун
гъвечӏи
жи
ма
гъил -и -н
ава й -ди
ихьтин
ада -н
вич -и -н
вич е -л ай
гъвечӏи
абур -и -з
гьа
кьве -да ни
фи -ун
яхъ
и
зу
галаз
чна
и
гьакӏ
ибур -и -н
пара
зейиф
галат нава й
ичӏи
гваз
кьван
ибур -из
хъсандик
кьве
кьве
шуькӏуь
пара
хир
сонра
и
чӏехи
чан
ви
гьич
гила
кьве
ваъ
са
эцек
асеф
мегьман а -н
къулухъ
чун
шагьдагъ
фе на й
ацакь на
и
патакай
хъсан
са
ава й
ава й
ава й
хъсан
хьа на
чун
рази
вич -и -н
галаз
жи
ана
чуг зава тир
жи
ки
хъсан
ки
ки
вун а
пака
гъи -ди -ин
ча -з
и
адани
зун
пака
и
акур
жи бур -и
ки
яда
къе
вуча
ма
ча в
цӏикьвед а -з
ча в
и
ча в
аллагь -ди -з
шуькуьр
вич
ахъах -ана
билесувар -ди -з
лугь -ун -из
килиг ай -ла
пака
гьа
ча -з
хьа на
ки
кьуд а -з
галат нава й
ксани -н
вуш
хьа на й
регьмет -ди -з
а
пара
интересный
совпадение
мад -ни
чун
хкер -ла
камран а -н
чун -ни
къен е
ава -з
случайно
ки
авария -ди -з
чун
дуьз
незначительный
ама
хьа на
хьанатӏани
ки
кьвед а -з
гьикӏ
чун
ягъади
но
саламат
я @@@
натаван
вири
нормально
саламат
вич
а
жи
но
ада -н
вахга -нава
аллагь -ди -з
шуькуьр
этибар
стӏурви -ди в
ада к ай
са
кве -з -ни
ада -з
но
рафик а -н
сырой
куьн -е
чуг ай
гьа
гьама -ни
ча -з
кан да
ки
чна
са
вине -л
акъуд -ун
зу
афия
зу
ибрагьимова
зу
зу
тир
чун
уже
жаван
тир
чун
пуд
сонра
абур -и к -ай
са
ки
севда
а
севда
къгъа нава
только
гьан -и -з
тамашава
гьа
севда
къгъа нава
бес
софия -ди -з
ама
ки
вич -и -н
ча
а
вич -и -н
ава й -ди
баку да
гьа
сонра
за @@@
ки
эгь
и
са
агъи да й
ча -з
хьа на -че
зун -ни
гила
кӏан да й -бур
ава й -ди
зун
сонра
зун -ни
гила
гьар
гьефте да
ча к -ай
са
амукь зава й -ди
чуьхуь -из
а
зун -ни
къар -л а
са
и
за
лагьа й -ди л -ай
эвве
сонра
а
сонра
зун
ава й
чи
чи
са
ам
ава й
хьиз
акахь нава й
са
кьуьзуь
са
къари
иси
гьа
иси
чан
вун
къачихъ
экъечӏа
за
галаз
сонра
зун -ни
къачихъ
зун
пара
таажублу
зун
ци
акъуд ай -ди
къачихъ
ахпа
чи
галаз
и
иси
ун
хъфе -й да -ла -й
сонра
и
галаз
галаз
чи
галаз
за к -ай
игила
за -з
са
сонра
игила
са
йикьал ай
сонра
ки
бес
иси
афия
бес
чна
чи
чи зва й -ди
и
зу
а -бур
са
яма
чип -ни
сонра
чи зва й
ибур -и -з
чи
ки
бес
чна
ам
гьа
шемседдин а -н
чна
афия
гьа -да -з
раз
гьа
сонра -ни
и
зу
зу
ибур
сакӏа -ни
ам
рази
же зва -ч -ир
вобщем
рази
хьа на -ч
ибур
чи
ки
ваъ
зу
сифте
гьан
я
за
ибур
има
абур -и -з
зун -ни
лап
цуьлуь
зу
ки
аква -ин
ун
игила
чун
хкве да й -ла
затӏа й -ла
э
кьеайди
вун
за -з
вун
на -з
фир -вал
за -н -ни
а
чи
пара
ана
ава й -ди
яман
гьундуьрда
за -н -ни
ки
гьутӏа
вили
гьутӏа
вили
аква да -й
чи
гьа
вили
зун
гьа
сонра
ха
ха
ха
сонра
вобщем
дуьз
вири
зун
лишанлу
хьа на
лишанлу
хьа на
чун