са
зун
са
жув
гьада -з
ада -з
хьи
зун
ки
зун
ада
за -з
са
стӏур -а -ни
кве -з
чи -дай -вал
чи
ава -й
вири- -да -л -ай -ни
кьакьан
мукьва -л
са
ада -л -яй
кьулухъ
артух
ана
гьакӏ
хьа -йи -ла
и
ава -й -ди
чпин
ава -й -ди
а -бур -у -в -яй
пара
ибре
ибретани
джафер
хьи
ада
вич -и -н
исабала -ди
вичи -з
са
вич -ни
хьи -з
пара
ма
чӏехи
и
гала -з
вич
лап
мягькем
акӏ
хьи
вичал
за -л -ай
жув -а -з
жув -а -з -ни
чи -н
зун
ида -л
гьар
зун
акур -ла
ида
зи
патав
за -л -яй
ида
ахпа
ани -з
хьи
зун
яргъа -ра
им
за -л
зерир -ла
зун
агъуз
хьайи -ла
ида
зи
вине -л -ай
гьакьван
чи
ара -да
хъсан
ида -к -яй
са
пара
иер
еке
верци
са
хъсан
и
акьуллу -вал
за -з
им
са
хьи
за -з
агъзур
вич -и -з
вич -и
зид
ма
ва
са
къар- -л -ай
им
за -з
зи
исабала -ди
зи
патав
хьи
за
ва -з
га -йи
са
зав
зи
завай -ни
ида -з
ида
за -з
ам
хьир
гьавайи
хьир
ида -ни
за -з
хьи
чӏалах
за
ва -в
ма
са
за -з
и
ида -н
хъсанди
гьакӏ
за
и
са
ида -з
за
са
кьадар
за -в -яй
гила
регъуьла
исабала -ди -н
гъенел
за -з
хьи
хьи
вун -а
зун
ци
икӏ
ини -з
за
ва -з
вуч
за
ва -з
хъсан
за
ва -з
зу
за
ви
гьада -к -ай
регъуьла
за -в -яй
за -з
гила
исабала
хьи
за
исабала
зи
ида
за -з
хьи
вун
чӏалах
хкат -ин
гала -з
за
ва -в
зун -ни
архаин
са
кьадар
за -з
мад -ни
хьи
беес
исабала -ди
вич -и -н
цӏийи
хьа -йи
зи
вич -и -н
цӏийи
гьа
са
са
гьина
са
кьван
чубан -вал зава -й
гьада -в
за -хъ
зун
исабала -ди -н
я
вуна
за -з
за -в
зи
ида -ни
хьи
за -з
вун
архаин
за
ви
мадни
са
килиг -ай -тӏа
вич
ида -н
гуьгъуь -на
за
са
гъвечӏи
ава -ай
я
за
ама -ай
вуч -из
вутӏ
бес
са
гуьгъуьна
гьат -на
зи
вич
гила
ада
вич -и -в -ай
вуч
кьван
вич
чпин
патав
са
гьан -и -з
фе -йи -ла
вич -и
авур -ла
куьн
гваз
чна
зи
за -з
гьа
икӏ
са
за -з
чибриз
ухшар
чин -ай
са
чан
за
а
кван
ва -з
хьти -н -ди
бес
зи
инлай
зун
зун
вич -ни
за -з -ни
пара
кӏандинди
я
за -з
ви
чун
гьар
зун
а
гала -з
пара
хъсан
акьуллу
чи
ам
ам
ам
гьада
ва -з
вутӏ
зун
вун -а
за -з
вутӏ
зи
ида
вич -и -н
хьи
ама -й
вич
патав
мад -ни
са
вич -и
галаз
буш
хьайи -ла
хьи
чун
вутӏ
хьа -на -тӏа
за -з
ман
за -з -ни
и
са
са
вич и -з
хьи
ви
вич -ни
ала -ай
вич -и -з -ни
язух
и
яргъи
са
и
и
санихъ -ни
са
ида -в -ай
вич -и -ни
ида -к
вун
ци
вуна
ида
вич -и -з
хьи
и -м
за
за -л
вердишар -зава -ай -ди
и -м
за
метӏигъ -ар зава -ай -ди
я
вич -и -н
ихьтин
дуьз
вун
дуьз
вич
вич -и -н
са
гьафте -ди -л -ай
мад -ни
хтай -ла
вич -и -з
мад -ни
вич
килиг -ай -тӏа
вич -и -з
ида -к -ай
ама -ай -ди
са
са
яхун
са
са
ава -ай
ина -л
гьар
вич
акур -ла
хкаж -ди -й
вич -а -л
кьве
гила
вич -и -к -яй
вич -и -з
и -м
вуч
вуч
и -м
вуч
и
ци
зун
за -з
инай
тахьайтӏа
за
вун
ада -з
вич
гьада -л -ай
кьулухъ
къве -да -й
хта -й -ла
вич -и -з
хьи
патав
вич
ви
вутӏ -на -тӏа -ни
гьада -з
а
вич -и -хъ
вич
вич -и
вич
яргъай
акван
гва -з
и -м
хьи
зун
и -м
им
вич -и
мад
зун
дели
артух
гьа
сад
гьа
са
кьвед
гьа
хьи
и -м
хьи
зун
патав
са
вич -и
адан
хьи
вуч
и -м
вуч
вич и -з
хьи
вич
вич -и -з
ида -ни
вич -и -н
вич -и -в
вич -и -хъ
гала -з
гьамиша
гьакӏ
вич -и
хьи
метӏегъ
ада -з
вич
акӏ
хьи
и
сад -а -н
гьуьузуьр -ди -з
мад -ни
са
вич и -н
маса
са
мад -ни
вич
ибур -у -ни
са
кьван
ни
кьван
вич
вич -и -ни
вич -и
мад
вуч -да
кьван
вич и
ада -н
хьи
за
ва -з
са
вун -а
ихьтин
вун
зи
са
вун
инлай
са
за -з
вич -и -н
маса
вич -и -н
гьакӏ
за -з
ава -ай
са
а
ихьтин
зи
ихтилат
зун -ни
вун
са
шумуд
вун
за -к -ай
зун
ва -к -ай
анжах
за -з
са
ки
вун
седакъетли
хъсан
четин -да
дар -да
чна
са
зу
зун
вун -а
вуч -зава
зун
къирах -ди -к
вун -а
ви
а
а
сад -ни
кван
икӏ
чун
жи
чӏехи
чи
чна
чи
хуь -да -й
ча -з
ана -л -ай
инихъ
жув -а -з
са
хъсан -ди -к
мад -ни
и
чи
абур
маса
абур -и
ча -з
пара
чун
дагьа
да
мад -ни
хъсан
цӏуьлуь
абур -ни
чна
чӏехи
мад -ни
а
гьабур -ни
чна
гьар
са
ада -в
кьве
за
хъсан -ди -к
гьабур -ни
чна
дуьз -ди -к
гьар
вич -и -н
гьабур -ни
эвли
гьабур -и -з -ни
я
вун -а
ки
вун
гьа
ви
а
гьикӏ
хьа -на -й
ам
цӏийи
кван
са
са
за -л
жи
хсуси
чун
гьутӏа
яргъа -з
ана
вегьши
и
за -в -яй
са
яхцӏур
и
за -в -яй
мад
а
вилик -ай
гваз
зун
гьагъа -да -л
къирех -ди -з
чи
и
за
ки
зав
и
гваз
за
чи
ава -ай
зун
мад -ни
и
чуьгъвена
къевиз -ни
чун
пака -ни
гала -з
гьана ра
и
чна
гьана ра
еке -бур
гьана ра
а
сонра
вун -а
за -з
пара
хъсан
и -бур и
пара
текче
са
и
са
ама -ай
аллагь
рази
абур -и -з
хъсан
жи
за -з
еке
за -ни
абур -и -н
гьич
исяат -ни
абур -и -з
гьамиша
зун
миннетдар
гьабур -и -хъ
гала -з
вун
гила
ви
рази
зун
гила
чи
чӏехи
аллагь
гьелелик
чун
хъсан -ди -к
за -з
гила
са
рази
вун
гьабур -и -ла -ай
са
пуд
за -з
и
за -хъ
гала -з
санал
хъсан -ди -к
бебир
кьуьзуь
са
игъи -да -й
сад
кьуьзуь
ма
темин -зава -й -тир
са
жи
гьа -да
игьи -зва -й
гьамиша
им
са
гваз
маса
бебир
чна
и
са
маса -да -н
ма
ада
ида -ни
хъсан -ди -к
гьа
бес -а
и
эцик -зва -й -ди
ида
ва -з
хъсан
чан
ва -з
хъсан
ада
мад
пулдал -ди
хир
пара
ман
сонра
ки
уже
им
им
са
беса
ана -ни
эвицӏдама -з
ихъти -н
хьтин
ина
ана -ай
агъуз
и
игила
игила
за -з
хъсан
ама
кутва -зва -й -ди
гьана -л
вилик
атана
игила
за -з
хъсан
за
квез
са
хъсан
са
кьван
кьван
са
са
и
джагьан
и
джагьан
ава -ай
са
сад -ни
пуд
и
джагьан
пара
ава -ай
ава -ай
вич и -з
са
им
са
вич -и -н
им
са
и
ида
винел
са
ва
ада
и
и
яраб
и
иер
гьим
имни
и
пара
сакӏани
и
са
кьве
и
ида -н
буьркьуь
им
ида -ни
вич -и -н
я
бес
зи
ихьтин
са
бес
ихьтин
са
за -з
сакӏа -ни
ам
за -в -яй
алуд
куьне
зи
са
за -з
са
а
зи
белке
зи
хъсан
хьайитӏа
ада
хъсан
тахьа -ай -тӏа
зун
чан
чна
исят -да
ва -з
гьа
эээ
а
инра
ава -ай
зи
тавунва -й
чӏехи
за
изат -на
и
са
са
ава -ай
ма
за
ва -з
гьич
са
ваъ
им
а
зун
исят -да
за
гьада -ни
гьакӏан
са
са
ида -ни
са
гила
за
за
муьтлег
ви
са
кьве
и
къерехда -л
ида
и
вун -а
икьван
ци
я
кьегьел
ваз
вуч
пара
вун
хьи
бес
за
вуч -и -н
зи
сакӏани
хъсан
ада -н
таву -р
за
хьир
бес
за
вуч -и -н
зун
гьин
зун
гьиниз
са
за
ва -з
ша
вун
и
чун
исят -да
вун
за -л
са
зун
чун
за
ва -з
гьина
ава -тӏа
и
и
ида
и
и
и
са
и
и да -н
кьве
и
са
им
и
вун -а
нагьахъ
а
абур -у
ви
вуч -и -з
и кьван
иер
бес
за
ида -ни
ваъ
абур
вун -а
абур
ида -ни
са
ибур
тӏва
ибурни
маса
са
и
има -ни
са
вич и -з
и
ида -ни
са
са
и
и
акур -тӏа
хьи
и
дуьз
ишигъли
ма
чинеба
акур -тӏа
гьабур -у
кьван
хьи
я
за -з
филан
са
куд -нва -й
лайих
абур -у
а
абур
ва -з
абур
ада -з
лайих
и
кван
а
гьим
и
я
за -з
ви
абур
ва -з
лайих
абур
за -з
лайих -ди
абур
тахьай -тӏа
за
ви
исят -да
я
вун
ва -з
тагу -да -ай
ава -ай -ди
исят -да
за
ва -з
за -хъ
анжах
и
и
пара
иер
и
са
кьве
и
качал -ди -в -ай
мад
хьир
я
адаз
икьван
иер
ада -н
низ
гьикьван
иер -ди
вун -а
а
гевгьер -и -н
жува -з
я
и
икьван
иер
и да -н
низ
гьикьван
иер -ди
гьин -ай
кӏандатӏани
за -з
ида -н
я
за
гьин -ай
за -з
хьир
за
ва -з
вуч -и -н
гьикӏ
заз
кьве
вун -а
тавур -тӏа
ви
атӏурвал
за -з
и
патав
вуч
мад -ни
хьи
вуч
вуч
за
вуч -и -н
бес
за -в -яй
гила
гьааа
за
ва -з
лагьа -на -й -ни
бес
а
ви
ци
бес
гила
мад
са
ам
ма
чна
са
ша
кван
гила
за
ва -з
гьикӏ
ша
ам
вич -и -н
а
гила
патак -а -ай
патака -ай -ни
зун
гала -з
за
исят -да
гала -з
эгер
са
арадлай
винел
яру
хьайитӏа
ва -з
хьи
за
зун
гъалиб
за
вун
ваъ
винел
тавур -тӏа
зун
ма
и
са
арадлай
ина
хкаж
винел
са
арадлай
яру
винел
хьи
кье -йи
ида -з -ни
хвеши
гьаа
гила
и
и -бур
ава -й
дуьз
са
еке
дуьз
хъсан
са
ина
са
и
воо
дуьз
акур -тӏа
хьи
хъсан
къай -и
ава -й
и
хьи
ва -з
а
на
хьи
я
за -з
са
хьи
жув -а
вун -а -ни
хьи
зи
са
кван
вуна
за -з
ва -з
са
кӏанай
чун
гьагьам
ви
кӏан зва -й
ибур
хьи
яргъал -а -ай
са
иер
иер
иер
мад
маса
къиямат
и
я
за -з
ава -ай
жув -а
не
хьи
ваъ
зи
хьа -нва
а
са
кван
за -з
и
са
ава -ай
ибур
ибур
и
и
хкве -да -ай
и
хьи
гьич
и
шад
ида -ни
я
вуч
вун
икьван
ци
бейкеф
икьван
иер
ва -з
зун
хьтин
жагъи -зва -й
ээээгь
вун
хьтин
иер
зун
шад
анжах
за -з
хьир
вун
ина -л
са
кьуьзуь
са
мурдар
гьада -з
вун
за
вун
гьада -з
зи
за
вун
гьикӏ
икьван
иер
вун -а
гьада -н
я
ша
чна
исят -да
са
а
вун -а
хьи
яхцӏур
яхцӏур
хьа -йи -ди -ла -ай
сура
вун
цӏийи
аяр
чна
вун -а -ни
гьам
ма
и
са
ида -з
хьтин
им
гьа
вине -л -ай
хьи
я
я
а
ада -к -ай
я
я
ам
вун
зун
вун -а
хвеши
и
яхцӏур
вич -и -н
вири
гала -з
ата -на
и
чинеба
къулухъ -ай
и
я
я
галаз
ида -к -ай
са
вири -да
гьарай
сада
сада
вирида
хьиз
има
хьир
са
ма
вич
акӏ
хьи
им
и
хвеши
иер
жаван
ибуруни
им
анал
и
вичин
галаз -ни
ибуру
ина
са
кьве
и
хьи
ваъ
эээ
икӏ
и
ша
чун
чи
ибуруни
хьи
бес
куьне
квез
цӏийи
чун
чи
и
ибур
чпин
и
пара
дуьз
хьи
бес
за -з
гьич
вун
зи
икьван
иер
за -з
хьи
за -з
жув а -з
ша
за
вун
вуна
зи
зи
вун
вун
ада
вич и -з
къачу -да -й -ди
и
ахъа
хъсан
гила
руш -а -н
анжах
ма
гьикӏин
гьина -й
во
са
кьве
ида -з
садни
хьи
са
иер
а
вич и -з
авур
гьааа
им
гьинватӏа -ни
гъа -нва -й -ди
зак -ай
къе
за
абур -у -з
вуч
вич -и -н
къе
за
а
ама
ада
гъа -нва -й
зун
абур -у
вич и -з
зак -а -й
за
гила
абур -у -з
ма
вич -и -н
ида -ни
гала -з
инрай
куьн
вуч
и
чпин
тӏимил
ибур
гьикӏ
гьикӏ
са
гьал -зва -й
са
и
хьи
чун
тӏва
вун -а
и
и
икьван
иер
гьикӏ
за
и
има
ида -ни
гьаа
и
зи
анжах
са
я
я
вун
яраб
зун
фейитӏа
эвел
инал
ракъайтӏа
гьикӏ
пара
сонра
и
тӏва
ахпа
вич
физвайди
ма
гьикӏ
хьи
фи- да -ай
идани
хьи
ваъ
и
гьи
хьайитӏани
за
жуваз
идани
вичин
и
идан
има
катдай
яхцӏур
и
и
ибуру
и
иер
хуш
и да
за -з
ада
за -з
галаз
и
хьи
я
акӏ
куьн
яхцӏур
зун
сад
акӏ
хьи
ша
чна
эвел
са
са
ахпа
сонра
квека -й
сад
за
гьим
за -з
хуш
хьайи -тӏа
гьада -з
зун
ибуру
и
чинеба
ибур -ун
бигьуш
са
ибур -у -ни
вири
и
ибуру в -ай -ни
им
са
и
са
кесиб
са
фад
тамаша -й -тӏа
са
кьуьзуь
къари
чан
къари
ва -з
ва -з
са
ида -ни
ша
зун -ни
тек
ида -ни
зун
йикъ -а -л -ай
ви
за
ва -з
за
ва -з
къари
хвеши
ида -н
са
кьве
са
и
хьи
къари
и
куь
вуч
вун
са
ава -тӏа
за -з
кван
чан
зун
гьар
анжах
ча -з
шумуд
са
ча -з
са
ава -й -ди
патак -ай
чна
са
ава -й -ди
ча -з
ам
ахъа -й -зва -й -ди
чна
гьам
ни
ацукь а -й -тӏа
гьада -к -ай
же -зва -й -ди
шумуд
а
чна
садан
ча -з
гила
ида -ни
вуш -ин
вуч
бес
белке
зун
кван
а
белке
зи
а
ма
ма
ида -ни
за
зун
ини -з
ата -нва -й
зун
ара -да
белке
зи
и
и
и
ида -н
вири -да -з
хвеши
жаван
вири -да
има
ма
ам
гила
гуя
ала -й
им
гьа
ча -з
и
гила
вич -и -н
са
ида -н
вич
кӏан -звай
вич и -к -яй
кат -ай
ибур
муькуь
ааа
ида -з -ни
ибур -уз
ида -ни
вич -и -н
хьи
са
зи
ида
хъсан
иер
вич -и -н
вич -и -н
и
зи
а
анава -й
ала -й
гьим
и
аладрайтӏа
ам
тӏва
ибур -у -ни
и
са
кьве
сад -ни
и
гьагьа
кьван
ини -з
и
и
ада -з
и
ида -з
ооо
им
и
за -з
кӏан -звай
им
ина
гьикӏ
ава -й -ди
ида -ни
инал
има -ни
и
и
има
са
са
маса
и
яхцӏур
и
ибур -у -ни
гьагь
и
чи
икьван
иер
ибур -у
и
яхцӏур
амни
ибур -ни
са
ахпа
гьалзавай
во
ида -з
акур -тӏа
вич и -з
кӏан -зва -й
гваз
ката -й
вич -и
им
гьинвайда
и
гьинвайди
ида -ни
и
ибур -у
са
асул
и
кӏан -зва -й
ин -и -з
воо
ида -з
гьа
вич -и -н
ида -ни
ааа
и
инри -з
гьикӏ
ида
агь
зи
хьи
и
и
ибур
вири
хьи
бес
чна
абур
вири
пака
за
абур -у -з
вири -да -з
са
гурвал
вири
вичин
зун
асул
зи
ихьти -н
ата -й -ди
вичи -н
ата -й
за
жазаландырмиширвал
исят -да
им
а
анин
идаз
зун
жаван
вич -и -н
вич и -з
къачу -зва -й
чун
рекьи -да -й
чун
ката -й -ди
им
ида -з
кафирдилайни
чӏехи
терсина
ина -й
агъуз
и
ибур -у
яда
им
гьи
агъуз
има
гила
а
яхцӏур
гьабурузни
ава -й -ди
лазим
ибурун
ибур
яхцӏурни
са
зун
ида
за -з
ада
за -з
сакӏани
зун
катна ва -й -ди
ибурун
гужна
ибурун
ибур -и -н
гьа
и
ида -ни
зун
вич -и -н
туху -зва -й
ида -з -ни
гьада -з -ни
ахпа
муькуь
гьа
и
асул
за -з
кӏан -зва -й
им
зи
зун
ида -з
кӏан -зва -й
ибур -и -н
чун
гьарад
саниз
и
зун -ни
адан
ибур -у
яхцӏур
яхцӏур
ибуру
идан
ибур
са
гьазим
ахпа
и
хьи
бес
гила
вири
муькуьбур -у -ни
бес
муькуь
зи
ама
пуд
ама
кьве
ама
бес
чун
гьабур -у -н
патав
ша
чун
хьа -на
экъечӏ -на
чпин
чпин
патав
гьагьана
шад
хуьррем
руш а -кай -ни
и
са
икӏ
и
за -з
мад
вуш
за -з
ки
седакъет
и
къетнен
вич -и
за -з
вуч
ки
седакъет
цвез
гуьре
ча -з
ки
ча -з
ки
кхьи -д
гьим
еке
гьада -л -ай
4ӏ
амма
седакъет
и
сад а -з -ни
седакъет
вич -и -н
ва
гьа
и
и
дуьз
вири
ча -з
ну
за
кӏел -ди -н
седакъет
ва
гьана
ки
ида
гьин
вуч -и -з
гьин
вуч -и -з
вуч -и -з
гьада
и
вилик
мицид
кьулухъ
седакъет
ӏ9
гьада
са
гьа
мици
ва
гьада
гьикъван
гьа
пара
хкаж
гьам
вилик
тӏимил
хкаж
са
безен
да
мумкин
ки
гьа
са
кьулухъ
са
вилик
кутунва -ай -бур
анжах
ама -й -ди
гьа
гала -з
вири -ни
дуьз
има -ни
чна
ина
и
вири да -ла -ай
къве -зва -ай
за -з
цӏуьд
гьама -ни
седакъет
къетне
цӏуьцӏуьд
са
мад
цӏуьд
ва
и
за -з
вуч -и -з
хуш
и
цӏуьд
седакъет
са
еке -з
ки
и
ӏ6
вич -и -н
мукьва
гьана
ча -з
гьа
гьан
гегьенш тир
чукьуна
гьам
зу
са
мукьва -л
гьана
са
ихьтин
гьа
за
цве -з
къе
седакъет
цве -з
мадани
хъсан
патакай
гьа
квез
вири -да -з
хъсан
ки
зейналабдин
шоллар -дай
баку -ди -з
гьам
чӏуг -да -ай
шоллар -ди -з
набран -ди -з
худат -ди -з
ва
гьада -з
гьана
ялама -ди -ни
ва
худат
стан
ялама -ди -ни
ва
худат
ара -да
са
лежет
лугьу -да -ай
лежет
лугьу -да -й
велибег
са
вич -и -н
туькӏуьр -да -ай
и
зейналабдин
гьада -ла -ай
къери
мад
кьвед
пуд
гьа -на
им
и
вири
им
велибега -н
пата -в
ӏ8
ки
ида -н
ида -з
ки
инал
и
ви
за -з
ки
а
за ва
ва -з
маса
вуч -и -з
а
за
ида
за
ваз
кьве
ида
са
мици
вад
за
ва -з
зава
зейналабдин
ида ва -й
я
вав -ай
вуч -и -з
вад
за
ва -з
ахпа
за
са
а
пака
ва -з
за ва
чукуна
гьа
ва -з
и
кумаз -ни
зейналабдин
тагиев
са
са
им
велибег -а -н
пата -в
ма
ва -з
и
им
вуш
им
и
ви
къунши -да -л
ви
и
вири -да -н
за
гьабур
маса
вири -ни
за
ва -з
ви
дуьз вил -и -з
ви
зун
он
докъккъуз -ди -з
мин
докъкъузюз
ондокъкъуз -ди -з
ана -й
чун
ахпа
чун
хейлаг
ахпа
чун
ина
къулухъ
чун
летний
са
няни -хъ -ди
яхцур
яхцур
ча -з
ахпа
чун
са
няни -хъ -ди
и
и
къанни
къвед -а -н
кьуд -а -з
са
гала -з
ана
гьана -л
чун
вегьи -да -й
пуд
зун -ни
чна
пуд -а
зун -ни
зун
фи -да -маз
а -бур -а -л
и -бур
зун -ни
гьи
ана
и
жи
кӏватӏ
ахпа
чун
хьа -й -ла
зу ни
ихьтин
са
экъецӏ -да -маз
ина
чун -ни
чи
инихъ -ди
са
ту -на
чун
ани -з
чун -ни
инал
чун -ни
ина -л
ина -л
и
чна
чна
аку на -ни
ваъ
ви -ч
а -бур
и
кьван
и
ина -л -ай
и -бур
вилик
са
ида
зун
ина -ра
зун
зун
ина -ра
чун
и -бур и
ахпа
и
и -бур
зун -ни
терсина
чун
къвед
яргъал
чун
ана -й
ахпа
са
ина -л
чна
ахпахъизда
чун
чна
чира
ман
ина -й
виня -й
ани -хъ
куьн
инал -ни
и
ахпа
винел
чи
ам
ида -н
ахпа
чун
са
ина
чи
пака
ахпа
зун
ахпа
маса
ана -р -из
ина
са
шумуд
вахт -ар -а
ахпа
за -л
хьа -йи -ла
хейли
ахпа
и
операция -ни
зун
ахпа
за -з
яхцур -ни
йисус
ини -з
зун
ина -ни
ахпа
ана -й
гуржистан -ди -з
ана -й
севастополь -ди -з
севастополь -да
ана -й -ни
ахпа
чун
вири
чун
гьа -на
ана -й
ахпа
чун
ана -й -ни
чун
польша -дай
ани -з
франция -ди -з
франция -дай
бельгия -ди -з
ахпа
голландия -ди -з
ахпа
американ р и
чун
кӏуьд
чун
гьа
американ -яр и
гьабур -и -н
чаз
гьабур -и
чип -и -н
хьиз
ан -яй
чун
ина -й
чи
ана -й
ахпа
гваз
чун
совет -ди -н
гьана
чун
пуд
къанни
цӏуьд
йис -и -з
зун
чна
и
хкве -р -ла
зун
хкве -р -ла
маса
хкве -р -ла
зун -ни
ибуру -н
ала -й
хьиз
хьиз
кран
чун
хкве -р -ла
чун
хкве -р -ла
ава -й
чун
хкве -р -ла
чун
чӏулав
арадай
са
вад
са
ма
за
и
за -хъ
гала -й
за
ма
чун
ина -л
ана -й
высоковольтный
фи -зва -й
за
за
чун
ина
за
и
и
бирден -ни
высоковольтный
и
жи
ара -да
са
икьван
са
вад
къай -и
вуш
вуш
чал
ну
чун
чун
чун
дуьз
са
кьван
са
километр
са
километр
гьязим
киши -н -ни
ча -з
чун
и
са
ана
абур -у -н
аскан -да
къен -е
авайбур
чна
сада
ина -л
за
за
ча -з
киши -н -зва
ма
зун -ни
са
урус
за
за
киши -н -зва
ма
ча -з
ча -з
киши -н -зва
за
ча -з
ча -з
са
сад -ни
ча -з
гьина -л
чна
ма
жи
ихьтин
къвед
пуд
чун
ча -з
ча -з
са
ча -з
гьа
са
ча -з
чун
абур -у -н
са
ам
къен -е
са
гьан -ай
ахпа
ивиз
жи
цӏугъвена
военный
чун
гьан -ай
гваз
им
зу
са
кьве
кьве
са
кӏадар
къулухъ
абур -и -н
вилик
са
еке
чӏахмах -ди -н
ибурикай
сад -а
им
вуч
има
гьин -ай
зу
вилик
за
гила
къванж -а -л -ай
а
има
ида
вич -и -н
им
рази
и
им
а
мицид -а
ама
ада
са
вине -л
и
къванж -и -к -ай
хьиз
кьве
анихъ -ни
значит
сада
гьакӏа
вич и -н
мици
и
къванж -а -л -ай
вич
къакъан -ди -з
мукьвал
мукьвал
кьве
вилик
им
значит
вилик
гьар
са
хъсан
гьа
къванж -и -к -ай
вич и -з
хъсан
хьиз
вилик
патак -ай
са
патак -ай
са
кьакьан
патакай
им
за
са
кӏел -ай -ди
жув -а
кӏел -ай -ди
ва
ам
за
жув -а -н
ну
гьи
лагьа -й -ла
абур
ма
гьым
гьым
за -в -ай
за -в -ай
кве -з
ну
и
тахминан
чи
айир
чун
гьада
виликди
гьеле
ча -з
галама -й
чун
ну
вири
чпи -з
муьтуьгъар -из
вири
миграгъ -а -л
барзу
мад
гьи
гьым
яргун
гьибур
вири
гьым
кьулухь
миграгъ
миграгъ
ибур -у -в -ай
миграгъ
ибур -у
са
кве
ибур -у -в -ай
эхир -ни
ибур -у
хьи
ша
чун
чун
са
чун
и
ибур -у -ни
ыыы
хьуь -з
пуд
пуд
са
ибур
гьакӏ
са
и
пуд
хьи
чна
и
ну
мад
ина
ыы
са
пуд
гьелбет -да
хьи
элкъве -на
чпи -в -ай
ибур
ибур -ни
ибур -у
гзаф
гьикӏ
вуч
хьи
чна
са
чи
хьи
ибур -у -з
са
и
вич -и -н
гьар
и
галаз
вири
кӏев -нава -й
гьа
ибур -у -ни
и
мукьвал
вич
чун
ихьтин
са
гьахьт -ай
вири
ахпа
сад
миграгъ -р -и -н
ахпа
хьи
къалур -ай -ди
вуж
кьулухъди
абур -у
а
ва
къерех -да
гьахьта -ай
са
гьа
гьар
са
ахпа
вуч -и -з
кьур -ла
тийи -зва -й
са
абур -у
вири -да
гьа -да -н
гьикӏ
гьа -да -н
гьикӏ
хьа -нва -й
вот
кьуьруьдаказ
икӏа
зун
зу
йетмиш
доггуз -да
зун
галаз
каспи -ди -н
ахпадаказ
ахпа
чун
дербент -ди -н
ахпадиказ
дербент -ди -н
мад -ни
ахпа
ана
ахпа
пака
пака
за
хкер -ла
за
чун
самур -ди -н
анай
ала -й
гьан -а -л
мицибур
ахпа
и
жи
азербайджан
азербайджан
гьа
саягъ -да
чун
мад
ахпа
зун
пака
зун
и
баку -да
ава -й
зу
патав
хырдалан -да
хырдалан -да
ана
ада
ада -з
а -да -з
са
са
гьа -да -н
патав
гьабур -и -н
зун
ахпа
им
зу
къейседдин
гьа -да -н
патав
ахпа
са
за -з
кве -з
садра
за -хъ
галаз
са
ихьтин
са
и
пара
чими
за -з -ни
жув -а -н
патав
гьа -да -н
набран -ди -з
за
жув -а -н
за
ки
са
са
кьве
за
гьана
зун
гьан -и -з
галат -нава -й тир
зун
зун
жув -а -н
зу
са
зун
за -з
кӏан -зава -й
къуру
хьа -нва -й
за
гила
киник
агъуз
ма
гьана -ни
са
зун
зун
жув -а -н
зун
за -з
ки
винел
са
чӏулав
са
еке
са
за -з
дуьз
за
я
аллагь
им
вуч
и
чӏулав
са
са
икӏа
цӏыцӏ
цӏыцӏ
цӏыцӏ
цӏыцӏ
ихьтин
са
за -ни
ки
им
им
вуш
зун
са
тӏимил
мукьвал
мукьвал
за
килига -й -тӏа
вау
са
еке
са
кьван
за -з
садрахъ -ни
гъвечи
зун
икьван
за -з
садрахъ -ни
ахьтин
за -з -ни
дуьз
вуч
зун
гила
за -з
дуьз
кичӏе -зва -й -ди
ман
и
а
винел
икӏа
е
рус
ма
гьабур -и -к -ай
зу
ман
а -бур
зун
гагьат -зава -ди
гъвечид
чӏехид
за -ни
вуч
зун
зун -ни
гила
за
мици
зун -ни
и
ала -й
за -ни
икӏ
явашдиказ
за -з
мад -ни
за
са
шумуд -р -а -хъ
за
ида -з
им
дейесен
кӏевиз
хьтин
за -з
ки
и
и
жув -а -н
зун -ни
и
ида
зу
винел
зу
винел
за -ни
фад
икӏа
агала -й -ди
им
и
вуч
винел
икӏа
ма
икӏа
ахпа -ни
зун -ни
гила
къене
за
за -ни
и
вуш
вун
вуш
ци
вун -а
гьа
за
ки
ана
чӏулав
ам
за -з
а -да -к -ай
за -з
кӏан -зава -ч
ам
гьанал
за -з
дуьз
ма
вуч
ам
има -ни
гьиниз
ма
и
а
гьан -а -л -ай
за -з
дуьз
гьа -да -л -ай
сонра
ам
зун
ивиз
киник
садра -ни
за
гьамиша
гила
жув -а -хъ
галаз
са
ки
ивиз
ахътин
за -з
гьа
сарах
сарах
зун -ни
имран
чун
са
ава -й
ана
а
чун
дерин
ана -й
чун
и
таву -р
ча -з
яман
экечӏ -зава -й
чун
и
чи
вине
къерех -да -л
чун
сонра
ча -з
ки
акӏ
чна
чи
чна
ча -з
ки
чна
гила
чна
ягъай -зва -й -ди
а
ягъа -зва -й -ди
чна
чна
мад
сад
къвед
пуд
кьуд
са
цӏукьуд
имран -а
цӏувад
сонра
ибур
мад
явашдак
чи
сонра
чун
ки
чна
ибур
цӏуьгъвенай
зун
гила
имран
мад
вине
къабагъы
и
къабагъы
а
са
хъувур
чун
ча -з
къве
ча -з
ан -а -л
мад
мад
совсем
хъувур
чи
и
а
тегьер
а
йикъан
а
и
тегьер
угъурсуз
баша
чи
зун
уже
сонра -ни
зун
уже
са
хьтин
зун
зун
сонракиз
да
са
ава -й
зун
вири
за -л
пуд
са
зун
а
жув -а
жув -а
вири
жув -а
гьа
сонра
ахьтин
ки
за
жув -а
чирча -да -й
ма
ма
ун
ка -й -ла
зу
бешир
акур -тӏа
зун -ни
ам
кьей
ма
а -да -з
зун
къужахда
вуш
за -з
са
ма
сонра
ала -й
гьат -нава -й -ди
ун
сонра
хвеши
регьет
ма
ваз
са
мад
са
за
ун
ну
за
гьакӏ
ма
за
жув -а
ма
галаз
мегьрибан
хъсан
седакъет
гьа
еке
шагьдагъ
ча -з
за -з
мад
вуш
седакъет
лезги
ата -й -ла
жи
самур
уьлуьх -нава -й
патаг
самур
ата -й
самур
ата -й
самур
же -да -й
ки
седакъет
самур
вич -и -н
ва
самур
самур
къе -ни
гьа
иникъ
самур
гьам
сад -ни
седакъет
и
зу
са
хъсан
са
ата -й -ла
ки
гьа
кӏцар
кьве
са
кьвед -а -з
сад
са
са
вич -и -н
вич -и -н
ки
эгер
вун -а
ки
къе
гьа
на
зун
ва -з
кӏан -у -з
винел
ва
гьан -а -л
гьа
гьар
ивиц -из
туху -з
и
ида -к -яй
мици
вич -и -н
ахъай -зава
ки
эгер
вун -а
ки
къевиз
вун -а
ала -й
зун
ва -з
0ӏ
и -да -з -ни
хвеши
за
има
ки
шагьдагъ -ди -н
акьах -ай -ла
са
тӏимил
и -да -н
эхиримжи
патав
гьан -а -л
и -да -з
фадамаз
винел
гьакӏ
и -да
вич -и -н
за
гила
вуч
за
ки
самур -ди -н
чна -ни
вегье -да -й
куьне
самур
ала -й
а -бур -у -к -ай
сад
за
цве -з
за -з
и
ава -й -бур
вири
самур
анжах
за
квез
куьн
куьне
куь
вири -да -в -ай
ки
самур
самур
садра -ни
эгер
квез
самур
куьне
жува
са
кве -в -яй
къе
хьиз
хьу -й
къе
зун
он
докъккъуз -ди -з
мин
докъкъузюз
ондокъкъуз -ди -з
ана -й
чун
ахпа
чун
хейлаг
ахпа
чун
ина
къулухъ
чун
летний
са
няни -хъ -ди
яхцур
яхцур
ча -з
ахпа
чун
са
няни -хъ -ди
и
и
къанни
къвед -а -н
кьуд -а -з
са
гала -з
ана
гьана -л
чун
вегьи -да -й
пуд
зун -ни
чна
пуд -а
зун -ни
зун
фи -да -маз
а -бур -а -л
и -бур
зун -ни
гьи
ана
и
жи
кӏватӏ
ахпа
чун
хьа -й -ла
зу ни
ихьтин
са
экъецӏ -да -маз
ина
чун -ни
чи
инихъ -ди
са
ту -на
чун
ани -з
чун -ни
инал
чун -ни
ина -л
ина -л
и
чна
чна
аку на -ни
ваъ
ви -ч
а -бур
и
кьван
и
ина -л -ай
и -бур
вилик
са
ида
зун
ина -ра
зун
зун
ина -ра
чун
и -бур и
ахпа
и
и -бур
зун -ни
терсина
чун
къвед
яргъал
чун
ана -й
ахпа
са
ина -л
чна
ахпахъизда
чун
чна
чира
ман
ина -й
виня -й
ани -хъ
куьн
инал -ни
и
ахпа
винел
чи
ам
ида -н
ахпа
чун
са
ина
чи
пака
ахпа
зун
ахпа
маса
ана -р -из
ина
са
шумуд
вахт -ар -а
ахпа
за -л
хьа -йи -ла
хейли
ахпа
и
операция -ни
зун
ахпа
за -з
яхцур -ни
йисус
ини -з
зун
ина -ни
ахпа
ана -й
гуржистан -ди -з
ана -й
севастополь -ди -з
севастополь -да
ана -й -ни
ахпа
чун
вири
чун
гьа -на
ана -й
ахпа
чун
ана -й -ни
чун
польша -дай
ани -з
франция -ди -з
франция -дай
бельгия -ди -з
ахпа
голландия -ди -з
ахпа
американ р и
чун
кӏуьд
чун
гьа
американ -яр и
гьабур -и -н
чаз
гьабур -и
чип -и -н
хьиз
ан -яй
чун
ина -й
чи
ана -й
ахпа
гваз
чун
совет -ди -н
гьана
чун
за
квез
са
хъсан
са
кьван
кьван
са
са
и
джагьан
и
джагьан
ава -ай
са
сад -ни
пуд
и
джагьан
пара
ава -ай
ава -ай
вич и -з
са
им
са
вич -и -н
им
са
и
ида
винел
са
ва
ада
и
и
яраб
и
иер
гьим
имни
и
пара
сакӏани
и
са
кьве
и
ида -н
буьркьуь
им
ида -ни
вич -и -н
я
бес
зи
ихьтин
са
бес
ихьтин
са
за -з
сакӏа -ни
ам
за -в -яй
алуд
куьне
зи
са
за -з
са
а
зи
белке
зи
хъсан
хьайитӏа
ада
хъсан
тахьа -ай -тӏа
зун
чан
чна
исят -да
ва -з
гьа
эээ
а
инра
ава -ай
зи
тавунва -й
чӏехи
за
изат -на
и
са
са
ава -ай
ма
за
ва -з
гьич
са
ваъ
им
а
зун
исят -да
за
гьада -ни
гьакӏан
са
са
ида -ни
са
гила
за
за
муьтлег
ви
са
кьве
и
къерехда -л
ида
и
вун -а
икьван
ци
я
кьегьел
ваз
вуч
пара
вун
хьи
бес
за
вуч -и -н
зи
сакӏани
хъсан
ада -н
таву -р
за
хьир
бес
за
вуч -и -н
зун
гьин
зун
гьиниз
са
за
ва -з
ша
вун
и
чун
исят -да
вун
за -л
са
зун
чун
за
ва -з
гьина
ава -тӏа
и
и
ида
и
и
и
са
и
и да -н
кьве
и
са
им
и
вун -а
нагьахъ
а
абур -у
ви
вуч -и -з
и кьван
иер
бес
за
ида -ни
ваъ
абур
вун -а
абур
ида -ни
са
ибур
тӏва
ибурни
маса
са
и
има -ни
са
вич и -з
и
ида -ни
са
са
и
и
акур -тӏа
хьи
и
дуьз
ишигъли
ма
чинеба
акур -тӏа
гьабур -у
кьван
хьи
я
за -з
филан
са
куд -нва -й
лайих
абур -у
а
абур
ва -з
абур
ада -з
лайих
и
кван
а
гьим
и
я
за -з
ви
абур
ва -з
лайих
абур
за -з
лайих -ди
абур
тахьай -тӏа
за
ви
исят -да
я
вун
ва -з
тагу -да -ай
ава -ай -ди
исят -да
за
ва -з
за -хъ
анжах
и
и
пара
иер
и
са
кьве
и
качал -ди -в -ай
мад
хьир
я
адаз
икьван
иер
ада -н
низ
гьикьван
иер -ди
вун -а
а
гевгьер -и -н
жува -з
я
и
икьван
иер
и да -н
низ
гьикьван
иер -ди
гьин -ай
кӏандатӏани
за -з
ида -н
я
за
гьин -ай
за -з
хьир
за
ва -з
вуч -и -н
гьикӏ
заз
кьве
вун -а
тавур -тӏа
ви
атӏурвал
за -з
и
патав
вуч
мад -ни
хьи
вуч
вуч
за
вуч -и -н
бес
за -в -яй
гила
гьааа
за
ва -з
лагьа -на -й -ни
бес
а
ви
ци
бес
гила
мад
са
ам
ма
чна
са
ша
кван
гила
за
ва -з
гьикӏ
ша
ам
вич -и -н
а
гила
патак -а -ай
патака -ай -ни
зун
гала -з
за
исят -да
гала -з
эгер
са
арадлай
винел
яру
хьайитӏа
ва -з
хьи
за
зун
гъалиб
за
вун
ваъ
винел
тавур -тӏа
зун
ма
и
са
арадлай
ина
хкаж
винел
са
арадлай
яру
винел
хьи
кье -йи
ида -з -ни
хвеши
гьаа
гила
и
и -бур
ава -й
дуьз
са
еке
дуьз
хъсан
са
ина
са
и
воо
дуьз
акур -тӏа
хьи
хъсан
къай -и
ава -й
и
хьи
ва -з
а
на
хьи
я
за -з
са
хьи
жув -а
вун -а -ни
хьи
зи
са
кван
вуна
за -з
ва -з
са
кӏанай
чун
гьагьам
ви
кӏан зва -й
ибур
хьи
яргъал -а -ай
са
иер
иер
иер
мад
маса
къиямат
и
я
за -з
ава -ай
жув -а
не
хьи
ваъ
зи
хьа -нва
а
са
кван
за -з
и
са
ава -ай
ибур
ибур
и
и
хкве -да -ай
и
хьи
гьич
и
шад
ида -ни
я
вуч
вун
икьван
ци
бейкеф
икьван
иер
ва -з
зун
хьтин
жагъи -зва -й
ээээгь
вун
хьтин
иер
зун
шад
анжах
за -з
хьир
вун
ина -л
са
кьуьзуь
са
мурдар
гьада -з
вун
за
вун
гьада -з
зи
за
вун
гьикӏ
икьван
иер
вун -а
гьада -н
я
ша
чна
исят -да
са
а
вун -а
хьи
яхцӏур
яхцӏур
хьа -йи -ди -ла -ай
сура
вун
цӏийи
аяр
чна
вун -а -ни
гьам
ма
и
са
ида -з
хьтин
им
гьа
вине -л -ай
хьи
я
я
а
ада -к -ай
я
я
ам
вун
зун
вун -а
хвеши
и
яхцӏур
вич -и -н
вири
гала -з
ата -на
и
чинеба
къулухъ -ай
и
я
я
галаз
ида -к -ай
са
вири -да
гьарай
сада
сада
вирида
хьиз
има
хьир
са
ма
вич
акӏ
хьи
им
и
хвеши
иер
жаван
ибуруни
им
анал
и
вичин
галаз -ни
ибуру
ина
са
кьве
и
хьи
ваъ
эээ
икӏ
и
ша
чун
чи
ибуруни
хьи
бес
куьне
квез
цӏийи
чун
чи
и
ибур
чпин
и
пара
дуьз
хьи
бес
за -з
гьич
вун
зи
икьван
иер
за -з
хьи
за -з
жув а -з
ша
за
вун
вуна
зи
зи
вун
вун
ада
вич и -з
къачу -да -й -ди
и
ахъа
хъсан
гила
руш -а -н
анжах
ма
гьикӏин
гьина -й
во
са
кьве
ида -з
садни
хьи
са
иер
а
вич и -з
авур
гьааа
им
гьинватӏа -ни
гъа -нва -й -ди
зак -ай
къе
за
абур -у -з
вуч
вич -и -н
къе
за
а
ама
ада
гъа -нва -й
зун
абур -у
вич и -з
зак -а -й
за
гила
абур -у -з
ма
вич -и -н
ида -ни
гала -з
инрай
куьн
вуч
и
чпин
тӏимил
ибур
гьикӏ
гьикӏ
са
гьал -зва -й
са
и
хьи
чун
тӏва
вун -а
и
и
икьван
иер
гьикӏ
за
и
има
ида -ни
гьаа
и
зи
анжах
са
я
я
вун
яраб
зун
фейитӏа
эвел
инал
ракъайтӏа
гьикӏ
пара
сонра
и
тӏва
ахпа
вич
физвайди
ма
гьикӏ
хьи
фи- да -ай
идани
хьи
ваъ
и
гьи
хьайитӏани
за
жуваз
идани
вичин
и
идан
има
катдай
яхцӏур
и
и
ибуру
и
иер
хуш
и да
за -з
ада
за -з
галаз
и
хьи
я
акӏ
куьн
яхцӏур
зун
сад
акӏ
хьи
ша
чна
эвел
са
са
ахпа
сонра
квека -й
сад
за
гьим
за -з
хуш
хьайи -тӏа
гьада -з
зун
ибуру
и
чинеба
ибур -ун
бигьуш
са
ибур -у -ни
вири
и
ибуру в -ай -ни
им
са
и
са
кесиб
са
фад
тамаша -й -тӏа
са
кьуьзуь
къари
чан
къари
ва -з
ва -з
са
ида -ни
ша
зун -ни
тек
ида -ни
зун
йикъ -а -л -ай
ви
за
ва -з
за
ва -з
къари
хвеши
ида -н
са
кьве
са
и
хьи
къари
и
куь
вуч
вун
са
ава -тӏа
за -з
кван
чан
зун
гьар
анжах
ча -з
шумуд
са
ча -з
са
ава -й -ди
патак -ай
чна
са
ава -й -ди
ча -з
ам
ахъа -й -зва -й -ди
чна
гьам
ни
ацукь а -й -тӏа
гьада -к -ай
же -зва -й -ди
шумуд
а
чна
садан
ча -з
гила
ида -ни
вуш -ин
вуч
бес
белке
зун
кван
а
белке
зи
а
ма
ма
ида -ни
за
зун
ини -з
ата -нва -й
зун
ара -да
белке
зи
и
и
и
ида -н
вири -да -з
хвеши
жаван
вири -да
има
ма
ам
гила
гуя
ала -й
им
гьа
ча -з
и
гила
вич -и -н
са
ида -н
вич
кӏан -звай
вич и -к -яй
кат -ай
ибур
муькуь
ааа
ида -з -ни
ибур -уз
ида -ни
вич -и -н
хьи
са
зи
ида
хъсан
иер
вич -и -н
вич -и -н
и
зи
а
анава -й
ала -й
гьим
и
аладрайтӏа
ам
тӏва
ибур -у -ни
и
са
кьве
сад -ни
и
гьагьа
кьван
ини -з
и
и
ада -з
и
ида -з
ооо
им
и
за -з
кӏан -звай
им
ина
гьикӏ
ава -й -ди
ида -ни
инал
има -ни
и
и
има
са
са
маса
и
яхцӏур
и
ибур -у -ни
гьагь
и
чи
икьван
иер
ибур -у
и
яхцӏур
амни
ибур -ни
са
ахпа
гьалзавай
во
ида -з
акур -тӏа
вич и -з
кӏан -зва -й
гваз
ката -й
вич -и
им
гьинвайда
и
гьинвайди
ида -ни
и
ибур -у
са
асул
и
кӏан -зва -й
ин -и -з
воо
ида -з
гьа
вич -и -н
ида -ни
ааа
и
инри -з
гьикӏ
ида
агь
зи
хьи
и
и
ибур
вири
хьи
бес
чна
абур
вири
пака
за
абур -у -з
вири -да -з
са
гурвал
вири
вичин
зун
асул
зи
ихьти -н
ата -й -ди
вичи -н
ата -й
за
жазаландырмиширвал
исят -да
им
а
анин
идаз
зун
жаван
вич -и -н
вич и -з
къачу -зва -й
чун
рекьи -да -й
чун
ката -й -ди
им
ида -з
кафирдилайни
чӏехи
терсина
ина -й
агъуз
и
ибур -у
яда
им
гьи
агъуз
има
гила
а
яхцӏур
гьабурузни
ава -й -ди
лазим
ибурун
ибур
яхцӏурни
са
зун
ида
за -з
ада
за -з
сакӏани
зун
катна ва -й -ди
ибурун
гужна
ибурун
ибур -и -н
гьа
и
ида -ни
зун
вич -и -н
туху -зва -й
ида -з -ни
гьада -з -ни
ахпа
муькуь
гьа
и
асул
за -з
кӏан -зва -й
им
зи
зун
ида -з
кӏан -зва -й
ибур -и -н
чун
гьарад
саниз
и
зун -ни
адан
ибур -у
яхцӏур
яхцӏур
ибуру
идан
ибур
са
гьазим
ахпа
и
хьи
бес
гила
вири
муькуьбур -у -ни
бес
муькуь
зи
ама
пуд
ама
кьве
ама
бес
чун
гьабур -у -н
патав
ша
чун
хьа -на
экъечӏ -на
чпин
чпин
патав
гьагьана
шад
хуьррем
руш а -кай -ни
и
са
икӏ
и
чи
галаз
хьа йи
чи
тагьминан
са
вад
вилик
чун
чи
регьметлу
зейнеддин -а -н
галай
и
чна
хъсан
ки
къени -н
хьиз
чими
бес
са
агъуз
чун
техминан
са
цӏуд
чун
чун
гьана -л
о
жумледен
чак
и
чи
галай
ну
чун
гьануз -ди
гьарад -а
вич -и -в -ай
лакин
якъин
дейесен
сен
гьикӏятӏана
има
ма
чи
ама -й -ди
рагьуллагь
ида -з
и
бес
ун
себри
гьутӏана -л
вутӏ
себриллагьахъ
чун
тӏванлай
ун
ну
техминен
ма
и
кьван
чна
кьван
чӏав -а -л
зун
насруллагь
эхир
чна
има
ма
ида -з
пара
зайиф
хьа -нва -й
гьан -а -л
чна
зун
зун
назир
юсуф
идрис
руслан
за
уьчуьн
ада -н
сад -а
назир
уьчуьн
ада -н
ам
ама -й -ла
бели
чна
гьакӏ
чна
ада -з -ди
ва
къал -ди
а
чаз -ди
миннетдар
а
гуьре
гьа
ун
ун
гьада -л -ай
сонра
ида
ам
ки
кьве
вич -и -н
демели
хьа -йи
ида
ки
дугъридан -ни
а
кьве
има
эскервиле
пара
же -зва -й -ди
маракьлы
зу
пара
ата -й -ди
зун
йетмиш
беш
йетмиш
йедди -ди -з
а
чӏавуз
ссср
россия
ссср
гьисят -да
гьарад
муьстекъил
муьстекъил
ну
а
чӏавуз -ни
жи
пара
чун
та -зва -й -ди
ну
маса
маса
ани -з
зун -ни
служит -ай -ди
за
америка -ди -н
аляска -ди -н
чукотка -да
эвел
ругуд
за
новгород -да
под
ленинградом
ленинград -ди -н
ленинград -ди -н
новгород -да
гьана
зун
ругуд
вацр -а
анай
сонра
чун
ну
чукотка
къийи
мекьи
пятьдесят
семь
за
са
зун
молодой
гьанай -ни
но
ругуд
сонра
аниз
ма
са
къачал
зун
дежурный -да
эээ
вич -ни
ада -н -ди
ну
гьар
тридцать
за -з
сад
сад
и
чун
са
мертебели
жи
и
зун -ни
къачал
дежурный
сад
за -ни
ты
куда
ты
куда
он
не
ну
да
в
советской
гьиниз
вун
гьиниз
за -ни
ада -л
ки
за
сад
сонра
ибур -и -н
чуьгъенал
им
яргъал
уже
за
им
им
има
всегда
там
да
гьемиша
ава -й
ма
са
кьве
са
ну
ам
и
хъсан
ам
по
анадыр -ди -з
чун
чукотка -да
анадыр -ди -з
анадыр -да -ни
ида -н
чуьгъвена
ну
пешком
има
им
къу -на
им
оказывается
за -хъ
галаз
чун
ча -хъ
галаз
чахъ
галаз
ну
маса
сонра
зеллер
игирми
уьч
муьжуьд
чун
пара
муьжуьд
са
са
зун
ваъ
зун
чуьгъвен -а -ай
са
им
магадан -да
прямой
магадан -ди -з
анадыр -да -ай
магадан -да
магаданский
анаг
гьаниз
за -з -ни
за -ни
за -з
гьиниз
гьиниз
ана -л -ай
сонра
за -з
досрочный
зун
а
советрин
за -з
десять
ихьтин -бур
са
зун
и
галаз
и
нуьсрет -а -хъ
галаз
жи
дагьи
гьам
дагьи
ма
ча -з
не
а
ава -й
ида
ма
за -з -ни
вообще
ма
жи
за
и
за -з
и -бур
ана -л -ай
сонра
за
цӏуд
и
за
за -з -ни
а
за
а
ава -й
-вал
вич -ни
хьа -нва -й
сад
хьиз
ам
гьизяхъине
вири -ни
ада
ида
яргъа -з тир
ида
не
къе -в -из
за
гьикӏ
и
са
ида
яратмиш -на
вич -и
яратмиш -на
кхьи -з -ай -ди
са
има
ахтынский
дагъыстан -ди -н
ахтынский
фе -й -ла
акур -тӏа
са
безханум
ала -й
са
гьакъикъет -да
акур -тӏа
ида
хъсан
вич -и -н
нуьсрет
бес
зу
вун -а
са
кхьа -й -тӏа
ида -ни
за
патакай
бес
чуьн
аяр -бур
гуьзел -бур
чи -зва -й
сонра
бес
безхануман
ида
къе
пака -ни
нуьсрет
бес
зу
за
бес
вун -а
ма
ида -з -ни
ина -л
гьакӏ
ам
и -бур -и -н
ара -да
сонра
ки
бес
ви
са
им
цуьгъвен -ла -ай
мад -ни
ини -з
фе -й -ла
ки
бес
гьакъикъет -да -ай
ида
вич -и -з
ида
зун
фи -да -маз
ахтынский
фе -й -ла
са
и
арада
вич
са
идан
безханум
арадай
им
зун
къвез
за -з
за -ни
га -й -да -л -ай
сонра
ки
бес
вуна
са
ма
мици
ки
чуь -н -е
са
за -з
бес
за
са
гу -д -ай -вал
бес
и
гьикӏ
акьа -з
безханум
вун -а
са
за
ида
и
ма
зу
тӏварча
ваз
зун
кан -и
зу
тӏварча
са
ида -ни
акьа -з
безханум
икьван
хьайи -тӏа -ни
на
са
за
безханум
безханум
за -з
ваз
тӏа
ви
белке
зун
ваз
чун
бахтавар
эй
зи
безханум
безханум
безханум
и
сакӏани
бес
гьикӏ
ки
бес
ида
пата -л -а -ай
сад
пата -л -а -ай
бес
за
ва -з
ихьтин
туькӏуьр -ай -ла
мад -ни
бес
къве -да -й
са
ма
чна
ида -ни
ки
за
ва -з
ки
са
за
жи
сад
ман
сад
зу
сад
чун
сад
хьа -йи -ла
безханум
ки
безханум -а
уъ
зун
анжах
сад
чун
санал
ида -ни
ки
и
цӏийи
ида
ки
дуьз
чи
вун
кьван
гейчек
зун
вал
инанмиш
ки
ву
на
ки
эгьтибарсуз
вефасуз
эгьтибарсуз
вефасуз
вуна
белке
зун
тӏа
ваъ
зун
чира
жи
сад
сад
бес
безханум
вири
са
хьайтӏани
вун -а
а
ки
бесханум -а -з
ида
цӏийи
вуш
гьар
са
чида -ай
лейли
ваз
са
кӏан -и
вун
межнун
фергьад
а
за
ширин
хьтин
за -з
зи
ки
безханумаз
дугъридан -ни
ида -н
сад
гьакӏ
хьа -й -ла
са
чна
за
ва -хъ
галаз
мад
ваъ
сад
сад
сад
чун
санал
гьакӏ
вуш
кӏани -вил -и -з
ида -н
цӏийи
безханум -а -з
суракьиз
шумуд
ви
зун
гьар
зун
ва -з
ви
кан -и
ви
кан -и
ва -з
ви
лугьу -да -й
гила
безханум -а
ида -з
залан
зун
ви
къура -з
вак
гьич
са
кан -и
ви
лугьу -да -й
кан -и
ваз
ви
лугьу -да -й
кан -и
ви
лугьу -да -й
кан -и
ва -з
ви
лугьу -да -й
и
ина -л
галаз
санал
вири
къулухъ
хьайи -тӏа -ни
вири- -да -л -ай
уьстуьн
хъсан
хъсан
чна
чун
ата -й -ди
квез
ата -й -ди
чун
ана
вири
чун
вири
ихьти -н
специально
а
пара
эн
пара
а
акьван
эхьир
а
ахпа
чи
къванши -да -л
са
кьуьзуь
тек
ама
а
са
вири -да -з
фе -й -ла
а
еке
ихьтин
гьахьтин
ма
а
вири
а
сад а -з -ни
эхьир
ава -ай
ча -з
ада
гай -и
ам
ма
чна
а
са
гьа
чун
ада
чна
мицибур -у
но
эсас
белке
са
а
вири
цӏийи
са
ман
хъсан
абур
ахпа
зи
абур
ихьтин
жаван
и
ихьтин
къав -ар и -ла -й
белке
куь
гъвечи
квез -ни
гьакӏ -а
ихьтин
гьабур -у
гьана -л -ай
гьада -н
вине -л -а -ай
ки
гьахьтин
абур
вуш
кьван
абур -и
марф
марф
хьа -йи -ла
и
ада -з
цӏийи
ам
эхьир
бес
конечно
ахьтин
цӏийи -з
эхьир
она
горе
ахьтин
абур
вообще
хъсан
ани -з
абур
гваз
гьана
жаван
и
еке
гьана
ахъа -й -да -й
вири
фи -да -ай
гила
гила
гьич
игила
са
а
вообще
анриз
чун
гъвечӏи
жи
ма
ава -й -ди
ихьтин
ада -н
вич -и -н
вич -е -л -ай
гъвечӏи
абур -и -з
гьа
кьве -да -ни
и
зу
галаз
чна
и
гьакӏ
ибур -и -н
пара
зейиф
галат -нава -й
ичӏи
гваз
кьван
ибур -из
хъсандик
кьве
кьве
шуькӏуь
пара
сонра
и
чӏехи
чан
ви
гьич
гила
кьве
ваъ
са
асеф
мегьман -а -н
къулухъ
чун
шагьдагъ
и
патакай
хъсан
са
хъсан
чун
рази
вич -и -н
галаз
жи
ана
жи
ки
хъсан
ки
ки
вун -а
пака
ча -з
и
адани
зун
пака
и
жи -бур -и
ки
яда
къе
ма
ча -в
цӏикьвед -а -з
ча -в
и
ча -в
аллагь -ди -з
шуькуьр
вич
билесувар -ди -з
пака
гьа
ча -з
ки
кьуд -а -з
галат -нава -й
вуш
хьа -на -й
а
пара
интересный
совпадение
мад -ни
чун
камран -а -н
чун -ни
къен -е
ава -з
случайно
ки
чун
дуьз
незначительный
ама
хьанатӏани
ки
кьвед -а -з
гьикӏ
чун
но
саламат
натаван
вири
нормально
саламат
вич
а
жи
но
ада -н
аллагь -ди -з
шуькуьр
этибар
стӏурви -ди -в
ада -к -ай
са
кве -з -ни
ада -з
но
рафик -а -н
сырой
куьн -е
гьа
гьама -ни
ча -з
ки
чна
са
вине -л
зу
афия
зу
ибрагьимова
зу
зу
чун
уже
жаван
чун
пуд
сонра
абур -и -к -ай
са
ки
севда
а
севда
только
гьан -и -з
гьа
севда
бес
софия -ди -з
ама
ки
вич -и -н
а
вич -и -н
баку -да
гьа
сонра
за -ни
ки
эгь
и
са
агъи -да -й
ча -з
зун -ни
гила
кӏан -да -й -бур
ава -й -ди
зун
кӏан -зава -й
сонра
зун -ни
гила
гьар
гьефте -да
ча -к -ай
са
амукь -зава -й -ди
а
зун -ни
къар -л -а
са
и
за
лагьа -й -ди -л -ай
эвве
сонра
а
сонра
зун
ава -й
чи
чи
са
ам
ава -й
хьиз
акахь -нава -й
са
кьуьзуь
са
къари
иси
гьа
иси
чан
вун
къачихъ
за
галаз
сонра
зун -ни
къачихъ
зун
пара
таажублу
зун
ци
акъуд -ай -ди
къачихъ
ахпа
чи
галаз
и
иси
ун
хъфе -й -да -ла -й
сонра
и
галаз
галаз
чи
галаз
за -к -ай
игила
за -з
са
сонра
игила
са
йикьал -ай
сонра
ки
бес
иси
афия
ата -нва -й
бес
чна
чи
чи -зва -й -ди
и
зу
абур
са
чип -ни
сонра
чи -зва -й
ибур -и -з
чи
ки
бес
чна
ам
гьа
шемседдин -а -н
чна
афия
гьа -да -з
раз
гьа
сонра -ни
и
зу
зу
ибур
сакӏа -ни
ам
рази
вобщем
рази
ибур
чи
ки
ваъ
зу
сифте
гьан
ата -нва -й
за
ибур
има
абур -и -з
зун -ни
лап
цуьлуь
зу
ки
ун
игила
чун
кӏан -да -й
хкве -да -й -ла
затӏа -й -ла
э
кьеайди
вун
за -з
вун
на -з
за -н -ни
а
чи
пара
ана
ава -й -ди
яман
гьундуьрда
за -н -ни
ки
гьутӏа
вили
гьутӏа
вили
чи
гьа
вили
зун
гьа
сонра
ха
ха
ха
сонра
вобщем
дуьз
вири
зун
лишанлу
лишанлу
чун